   0  $accept : Programa $end

   1  Programa : '{' ListSentencias '}'
   2           | error ListSentencias '}'

   3  ListSentencias : ListSentencias Sentencia ','
   4                 | Sentencia ','
   5                 | Sentencia error

   6  Sentencia : SentenciaControl
   7            | SentenciaDeclarativa
   8            | SentenciaEjecutable
   9            | RETURN ','

  10  ReferenciaObjeto : ID '.' ID

  11  ReferenciaObjetoFuncion : ID '.' LlamadoFuncion

  12  SentenciaEjecutable : Asignacion
  13                      | LlamadoFuncion
  14                      | BloqueIF
  15                      | SalidaMensaje
  16                      | ReferenciaObjetoFuncion

  17  ListSentenciasClase : ListSentenciasClase SentenciaDeclarativa ','
  18                      | SentenciaDeclarativa ','
  19                      | RETURN ','
  20                      | ListSentenciasClase RETURN ','

  21  SentenciaDeclarativa : Tipo ListVariables
  22                       | ListFuncion
  23                       | error ListVariables
  24                       | Tipo error
  25                       | Clase
  26                       | Objeto_clase
  27                       | FuncionIMPL

  28  ListVariables : ID
  29                | ListVariables ';' ID

  30  Objeto_clase : ID ListVariablesObj

  31  ListVariablesObj : ID
  32                   | ListVariablesObj ';' ID

  33  Tipo : USHORT
  34       | INT
  35       | DOUBLE

  36  Constante : ENTERO
  37            | ENTEROCORTO
  38            | '-' ENTEROCORTO
  39            | PUNTOFLOTANTE
  40            | '-' ENTERO
  41            | '-' PUNTOFLOTANTE

  42  Expresion : Expresion '+' Termino
  43            | Expresion '-' Termino
  44            | Termino
  45            | ConversionExplicita

  46  Termino : Termino '*' Factor
  47          | Termino '/' Factor
  48          | Factor
  49          | Termino '*' Factor_RefObjeto
  50          | Termino '/' Factor_RefObjeto
  51          | Factor_RefObjeto

  52  Factor : ID
  53         | Constante

  54  Factor_RefObjeto : ReferenciaObjeto

  55  Condicion : '(' Expresion Comparador Expresion ')'
  56            | '(' Expresion Comparador Expresion error
  57            | error Expresion Comparador Expresion ')'

  58  BloqueIF : IF Condicion CuerpoIF ELSE CuerpoIF END_IF
  59           | IF Condicion CuerpoIF END_IF
  60           | IF Condicion CuerpoIF ELSE CuerpoIF error
  61           | IF Condicion CuerpoIF error
  62           | IF Condicion SentenciaEjecutable ',' ELSE CuerpoIF END_IF
  63           | IF Condicion SentenciaEjecutable ',' ELSE SentenciaEjecutable ',' END_IF
  64           | IF Condicion CuerpoIF ELSE SentenciaEjecutable ',' END_IF
  65           | IF Condicion SentenciaEjecutable ',' ELSE CuerpoIF error
  66           | IF Condicion SentenciaEjecutable ',' ELSE SentenciaEjecutable error
  67           | IF Condicion CuerpoIF ELSE SentenciaEjecutable ',' error
  68           | IF Condicion SentenciaEjecutable ',' error CuerpoIF END_IF
  69           | IF Condicion SentenciaEjecutable ',' error SentenciaEjecutable END_IF
  70           | IF Condicion SentenciaEjecutable error ELSE CuerpoIF END_IF
  71           | IF Condicion CuerpoIF ELSE SentenciaEjecutable error END_IF
  72           | IF Condicion SentenciaEjecutable error END_IF

  73  CuerpoIF : '{' SentenciasIF '}'
  74           | '{' SentenciasIF RETURN ',' '}'
  75           | '{' SentenciasIF RETURN error '}'
  76           | error SentenciasIF '}'
  77           | '{' SentenciasIF error
  78           | '{' '}'

  79  SentenciasIF : ListaSentenciasIF

  80  ListaSentenciasIF : error
  81                    | SentenciaEjecutable ','
  82                    | SentenciaEjecutable error
  83                    | ListaSentenciasIF SentenciaEjecutable ','

  84  Comparador : '<'
  85             | '>'
  86             | MAYORIGUAL
  87             | MENORIGUAL
  88             | IGUAL
  89             | DIST

  90  ListFuncion : Funcion
  91              | FuncionSinCuerpo

  92  Funcion : EncabezadoFuncion Parametro '{' ListSentenciasFuncion '}' RETURN ','
  93          | EncabezadoFuncion Parametro '{' ListSentenciasFuncion RETURN ',' '}'
  94          | EncabezadoFuncion Parametro '{' ListSentenciasFuncion '}'
  95          | VOID error Parametro '{' ListSentenciasFuncion '}'
  96          | EncabezadoFuncion Parametro '{' '}'

  97  EncabezadoFuncion : VOID ID

  98  Parametro : '(' Tipo ID ')'
  99            | '(' Tipo ID error
 100            | error Tipo ID ')'
 101            | '(' ')'
 102            | '(' error
 103            | error ')'

 104  ListSentenciasFuncion : ListSentenciasFuncion Sentencia ','
 105                        | Sentencia ','
 106                        | SentenciaEjecutable error
 107                        | SentenciaDeclarativa error
 108                        | RETURN error

 109  LlamadoFuncion : ID '(' ')'
 110                 | ID error ')'
 111                 | ID '(' error
 112                 | ID '(' Expresion ')'

 113  SalidaMensaje : PRINT CADENA
 114                | PRINT Factor
 115                | PRINT error

 116  OperadorAsignacion : '='
 117                     | ASIG

 118  Asignacion : Factor OperadorAsignacion Expresion
 119             | ReferenciaObjeto OperadorAsignacion ReferenciaObjeto
 120             | ReferenciaObjeto OperadorAsignacion Factor
 121             | ReferenciaObjeto OperadorAsignacion error
 122             | Factor OperadorAsignacion error
 123             | OperadorAsignacion Factor

 124  SentenciaControl : DO CuerpoIF UNTIL Condicion
 125                   | DO CuerpoIF UNTIL error
 126                   | DO SentenciaEjecutable ',' UNTIL Condicion
 127                   | DO SentenciaEjecutable ',' UNTIL error
 128                   | DO error UNTIL Condicion
 129                   | DO SentenciaEjecutable UNTIL Condicion

 130  ParametroTOD : '(' Expresion ')'
 131               | error Expresion ')'
 132               | '(' Expresion error

 133  ConversionExplicita : TOD ParametroTOD
 134                      | TOD '(' ')'

 135  ListClase : '{' ListSentenciasClase '}'

 136  EncabezadoClase : CLASS ID

 137  Clase : EncabezadoClase ListClase

 138  FuncionSinCuerpo : EncabezadoFuncion Parametro

 139  FuncionIMPL : IMPL FOR ID ':' '{' Funcion '}'
 140              | IMPL FOR ID ':' error Funcion '}'
 141              | IMPL FOR ID ':' error Funcion '}'
 142              | IMPL FOR ID ':' '{' Funcion error

state 0
	$accept : . Programa $end  (0)

	error  shift 1
	'{'  shift 2
	.  error

	Programa  goto 3


state 1
	Programa : error . ListSentencias '}'  (2)

	error  shift 4
	IF  shift 5
	PRINT  shift 6
	CLASS  shift 7
	VOID  shift 8
	DO  shift 9
	IMPL  shift 10
	INT  shift 11
	USHORT  shift 12
	DOUBLE  shift 13
	ID  shift 14
	ASIG  shift 15
	RETURN  shift 16
	ENTERO  shift 17
	ENTEROCORTO  shift 18
	PUNTOFLOTANTE  shift 19
	'-'  shift 20
	'='  shift 21
	.  error

	ListSentencias  goto 22
	Sentencia  goto 23
	SentenciaControl  goto 24
	SentenciaDeclarativa  goto 25
	SentenciaEjecutable  goto 26
	ReferenciaObjeto  goto 27
	ReferenciaObjetoFuncion  goto 28
	LlamadoFuncion  goto 29
	Asignacion  goto 30
	BloqueIF  goto 31
	SalidaMensaje  goto 32
	Tipo  goto 33
	ListFuncion  goto 34
	Clase  goto 35
	Objeto_clase  goto 36
	FuncionIMPL  goto 37
	Constante  goto 38
	Factor  goto 39
	Funcion  goto 40
	FuncionSinCuerpo  goto 41
	EncabezadoFuncion  goto 42
	OperadorAsignacion  goto 43
	EncabezadoClase  goto 44


state 2
	Programa : '{' . ListSentencias '}'  (1)

	error  shift 4
	IF  shift 5
	PRINT  shift 6
	CLASS  shift 7
	VOID  shift 8
	DO  shift 9
	IMPL  shift 10
	INT  shift 11
	USHORT  shift 12
	DOUBLE  shift 13
	ID  shift 14
	ASIG  shift 15
	RETURN  shift 16
	ENTERO  shift 17
	ENTEROCORTO  shift 18
	PUNTOFLOTANTE  shift 19
	'-'  shift 20
	'='  shift 21
	.  error

	ListSentencias  goto 45
	Sentencia  goto 23
	SentenciaControl  goto 24
	SentenciaDeclarativa  goto 25
	SentenciaEjecutable  goto 26
	ReferenciaObjeto  goto 27
	ReferenciaObjetoFuncion  goto 28
	LlamadoFuncion  goto 29
	Asignacion  goto 30
	BloqueIF  goto 31
	SalidaMensaje  goto 32
	Tipo  goto 33
	ListFuncion  goto 34
	Clase  goto 35
	Objeto_clase  goto 36
	FuncionIMPL  goto 37
	Constante  goto 38
	Factor  goto 39
	Funcion  goto 40
	FuncionSinCuerpo  goto 41
	EncabezadoFuncion  goto 42
	OperadorAsignacion  goto 43
	EncabezadoClase  goto 44


state 3
	$accept : Programa . $end  (0)

	$end  accept


state 4
	SentenciaDeclarativa : error . ListVariables  (23)

	ID  shift 46
	.  error

	ListVariables  goto 47


state 5
	BloqueIF : IF . Condicion CuerpoIF ELSE CuerpoIF END_IF  (58)
	BloqueIF : IF . Condicion CuerpoIF END_IF  (59)
	BloqueIF : IF . Condicion CuerpoIF ELSE CuerpoIF error  (60)
	BloqueIF : IF . Condicion CuerpoIF error  (61)
	BloqueIF : IF . Condicion SentenciaEjecutable ',' ELSE CuerpoIF END_IF  (62)
	BloqueIF : IF . Condicion SentenciaEjecutable ',' ELSE SentenciaEjecutable ',' END_IF  (63)
	BloqueIF : IF . Condicion CuerpoIF ELSE SentenciaEjecutable ',' END_IF  (64)
	BloqueIF : IF . Condicion SentenciaEjecutable ',' ELSE CuerpoIF error  (65)
	BloqueIF : IF . Condicion SentenciaEjecutable ',' ELSE SentenciaEjecutable error  (66)
	BloqueIF : IF . Condicion CuerpoIF ELSE SentenciaEjecutable ',' error  (67)
	BloqueIF : IF . Condicion SentenciaEjecutable ',' error CuerpoIF END_IF  (68)
	BloqueIF : IF . Condicion SentenciaEjecutable ',' error SentenciaEjecutable END_IF  (69)
	BloqueIF : IF . Condicion SentenciaEjecutable error ELSE CuerpoIF END_IF  (70)
	BloqueIF : IF . Condicion CuerpoIF ELSE SentenciaEjecutable error END_IF  (71)
	BloqueIF : IF . Condicion SentenciaEjecutable error END_IF  (72)

	error  shift 48
	'('  shift 49
	.  error

	Condicion  goto 50


state 6
	SalidaMensaje : PRINT . CADENA  (113)
	SalidaMensaje : PRINT . Factor  (114)
	SalidaMensaje : PRINT . error  (115)

	error  shift 51
	ID  shift 52
	CADENA  shift 53
	ENTERO  shift 17
	ENTEROCORTO  shift 18
	PUNTOFLOTANTE  shift 19
	'-'  shift 20
	.  error

	Constante  goto 38
	Factor  goto 54


state 7
	EncabezadoClase : CLASS . ID  (136)

	ID  shift 55
	.  error


state 8
	Funcion : VOID . error Parametro '{' ListSentenciasFuncion '}'  (95)
	EncabezadoFuncion : VOID . ID  (97)

	error  shift 56
	ID  shift 57
	.  error


state 9
	SentenciaControl : DO . CuerpoIF UNTIL Condicion  (124)
	SentenciaControl : DO . CuerpoIF UNTIL error  (125)
	SentenciaControl : DO . SentenciaEjecutable ',' UNTIL Condicion  (126)
	SentenciaControl : DO . SentenciaEjecutable ',' UNTIL error  (127)
	SentenciaControl : DO . error UNTIL Condicion  (128)
	SentenciaControl : DO . SentenciaEjecutable UNTIL Condicion  (129)

	error  shift 58
	IF  shift 5
	PRINT  shift 6
	ID  shift 59
	ASIG  shift 15
	ENTERO  shift 17
	ENTEROCORTO  shift 18
	PUNTOFLOTANTE  shift 19
	'{'  shift 60
	'-'  shift 20
	'='  shift 21
	.  error

	SentenciaEjecutable  goto 61
	ReferenciaObjeto  goto 27
	ReferenciaObjetoFuncion  goto 28
	LlamadoFuncion  goto 29
	Asignacion  goto 30
	BloqueIF  goto 31
	SalidaMensaje  goto 32
	Constante  goto 38
	Factor  goto 39
	CuerpoIF  goto 62
	OperadorAsignacion  goto 43


state 10
	FuncionIMPL : IMPL . FOR ID ':' '{' Funcion '}'  (139)
	FuncionIMPL : IMPL . FOR ID ':' error Funcion '}'  (140)
	FuncionIMPL : IMPL . FOR ID ':' error Funcion '}'  (141)
	FuncionIMPL : IMPL . FOR ID ':' '{' Funcion error  (142)

	FOR  shift 63
	.  error


state 11
	Tipo : INT .  (34)

	.  reduce 34


state 12
	Tipo : USHORT .  (33)

	.  reduce 33


state 13
	Tipo : DOUBLE .  (35)

	.  reduce 35


state 14
	ReferenciaObjeto : ID . '.' ID  (10)
	ReferenciaObjetoFuncion : ID . '.' LlamadoFuncion  (11)
	Objeto_clase : ID . ListVariablesObj  (30)
	Factor : ID .  (52)
	LlamadoFuncion : ID . '(' ')'  (109)
	LlamadoFuncion : ID . error ')'  (110)
	LlamadoFuncion : ID . '(' error  (111)
	LlamadoFuncion : ID . '(' Expresion ')'  (112)

	error  shift 64
	ID  shift 65
	'.'  shift 66
	'('  shift 67
	ASIG  reduce 52
	'='  reduce 52

	ListVariablesObj  goto 68


state 15
	OperadorAsignacion : ASIG .  (117)

	.  reduce 117


state 16
	Sentencia : RETURN . ','  (9)

	','  shift 69
	.  error


state 17
	Constante : ENTERO .  (36)

	.  reduce 36


state 18
	Constante : ENTEROCORTO .  (37)

	.  reduce 37


state 19
	Constante : PUNTOFLOTANTE .  (39)

	.  reduce 39


state 20
	Constante : '-' . ENTEROCORTO  (38)
	Constante : '-' . ENTERO  (40)
	Constante : '-' . PUNTOFLOTANTE  (41)

	ENTERO  shift 70
	ENTEROCORTO  shift 71
	PUNTOFLOTANTE  shift 72
	.  error


state 21
	OperadorAsignacion : '=' .  (116)

	.  reduce 116


state 22
	Programa : error ListSentencias . '}'  (2)
	ListSentencias : ListSentencias . Sentencia ','  (3)

	error  shift 4
	IF  shift 5
	PRINT  shift 6
	CLASS  shift 7
	VOID  shift 8
	DO  shift 9
	IMPL  shift 10
	INT  shift 11
	USHORT  shift 12
	DOUBLE  shift 13
	ID  shift 14
	ASIG  shift 15
	RETURN  shift 16
	ENTERO  shift 17
	ENTEROCORTO  shift 18
	PUNTOFLOTANTE  shift 19
	'}'  shift 73
	'-'  shift 20
	'='  shift 21
	.  error

	Sentencia  goto 74
	SentenciaControl  goto 24
	SentenciaDeclarativa  goto 25
	SentenciaEjecutable  goto 26
	ReferenciaObjeto  goto 27
	ReferenciaObjetoFuncion  goto 28
	LlamadoFuncion  goto 29
	Asignacion  goto 30
	BloqueIF  goto 31
	SalidaMensaje  goto 32
	Tipo  goto 33
	ListFuncion  goto 34
	Clase  goto 35
	Objeto_clase  goto 36
	FuncionIMPL  goto 37
	Constante  goto 38
	Factor  goto 39
	Funcion  goto 40
	FuncionSinCuerpo  goto 41
	EncabezadoFuncion  goto 42
	OperadorAsignacion  goto 43
	EncabezadoClase  goto 44


state 23
	ListSentencias : Sentencia . ','  (4)
	ListSentencias : Sentencia . error  (5)

	error  shift 75
	','  shift 76
	.  error


state 24
	Sentencia : SentenciaControl .  (6)

	.  reduce 6


state 25
	Sentencia : SentenciaDeclarativa .  (7)

	.  reduce 7


state 26
	Sentencia : SentenciaEjecutable .  (8)

	.  reduce 8


state 27
	Asignacion : ReferenciaObjeto . OperadorAsignacion ReferenciaObjeto  (119)
	Asignacion : ReferenciaObjeto . OperadorAsignacion Factor  (120)
	Asignacion : ReferenciaObjeto . OperadorAsignacion error  (121)

	ASIG  shift 15
	'='  shift 21
	.  error

	OperadorAsignacion  goto 77


state 28
	SentenciaEjecutable : ReferenciaObjetoFuncion .  (16)

	.  reduce 16


state 29
	SentenciaEjecutable : LlamadoFuncion .  (13)

	.  reduce 13


state 30
	SentenciaEjecutable : Asignacion .  (12)

	.  reduce 12


state 31
	SentenciaEjecutable : BloqueIF .  (14)

	.  reduce 14


state 32
	SentenciaEjecutable : SalidaMensaje .  (15)

	.  reduce 15


state 33
	SentenciaDeclarativa : Tipo . ListVariables  (21)
	SentenciaDeclarativa : Tipo . error  (24)

	error  shift 78
	ID  shift 46
	.  error

	ListVariables  goto 79


state 34
	SentenciaDeclarativa : ListFuncion .  (22)

	.  reduce 22


state 35
	SentenciaDeclarativa : Clase .  (25)

	.  reduce 25


state 36
	SentenciaDeclarativa : Objeto_clase .  (26)

	.  reduce 26


state 37
	SentenciaDeclarativa : FuncionIMPL .  (27)

	.  reduce 27


state 38
	Factor : Constante .  (53)

	.  reduce 53


state 39
	Asignacion : Factor . OperadorAsignacion Expresion  (118)
	Asignacion : Factor . OperadorAsignacion error  (122)

	ASIG  shift 15
	'='  shift 21
	.  error

	OperadorAsignacion  goto 80


state 40
	ListFuncion : Funcion .  (90)

	.  reduce 90


state 41
	ListFuncion : FuncionSinCuerpo .  (91)

	.  reduce 91


state 42
	Funcion : EncabezadoFuncion . Parametro '{' ListSentenciasFuncion '}' RETURN ','  (92)
	Funcion : EncabezadoFuncion . Parametro '{' ListSentenciasFuncion RETURN ',' '}'  (93)
	Funcion : EncabezadoFuncion . Parametro '{' ListSentenciasFuncion '}'  (94)
	Funcion : EncabezadoFuncion . Parametro '{' '}'  (96)
	FuncionSinCuerpo : EncabezadoFuncion . Parametro  (138)

	error  shift 81
	'('  shift 82
	.  error

	Parametro  goto 83


state 43
	Asignacion : OperadorAsignacion . Factor  (123)

	ID  shift 52
	ENTERO  shift 17
	ENTEROCORTO  shift 18
	PUNTOFLOTANTE  shift 19
	'-'  shift 20
	.  error

	Constante  goto 38
	Factor  goto 84


state 44
	Clase : EncabezadoClase . ListClase  (137)

	'{'  shift 85
	.  error

	ListClase  goto 86


state 45
	Programa : '{' ListSentencias . '}'  (1)
	ListSentencias : ListSentencias . Sentencia ','  (3)

	error  shift 4
	IF  shift 5
	PRINT  shift 6
	CLASS  shift 7
	VOID  shift 8
	DO  shift 9
	IMPL  shift 10
	INT  shift 11
	USHORT  shift 12
	DOUBLE  shift 13
	ID  shift 14
	ASIG  shift 15
	RETURN  shift 16
	ENTERO  shift 17
	ENTEROCORTO  shift 18
	PUNTOFLOTANTE  shift 19
	'}'  shift 87
	'-'  shift 20
	'='  shift 21
	.  error

	Sentencia  goto 74
	SentenciaControl  goto 24
	SentenciaDeclarativa  goto 25
	SentenciaEjecutable  goto 26
	ReferenciaObjeto  goto 27
	ReferenciaObjetoFuncion  goto 28
	LlamadoFuncion  goto 29
	Asignacion  goto 30
	BloqueIF  goto 31
	SalidaMensaje  goto 32
	Tipo  goto 33
	ListFuncion  goto 34
	Clase  goto 35
	Objeto_clase  goto 36
	FuncionIMPL  goto 37
	Constante  goto 38
	Factor  goto 39
	Funcion  goto 40
	FuncionSinCuerpo  goto 41
	EncabezadoFuncion  goto 42
	OperadorAsignacion  goto 43
	EncabezadoClase  goto 44


state 46
	ListVariables : ID .  (28)

	.  reduce 28


state 47
	SentenciaDeclarativa : error ListVariables .  (23)
	ListVariables : ListVariables . ';' ID  (29)

	';'  shift 88
	error  reduce 23
	','  reduce 23


state 48
	Condicion : error . Expresion Comparador Expresion ')'  (57)

	ID  shift 89
	TOD  shift 90
	ENTERO  shift 17
	ENTEROCORTO  shift 18
	PUNTOFLOTANTE  shift 19
	'-'  shift 20
	.  error

	ReferenciaObjeto  goto 91
	Constante  goto 38
	Expresion  goto 92
	Termino  goto 93
	ConversionExplicita  goto 94
	Factor  goto 95
	Factor_RefObjeto  goto 96


state 49
	Condicion : '(' . Expresion Comparador Expresion ')'  (55)
	Condicion : '(' . Expresion Comparador Expresion error  (56)

	ID  shift 89
	TOD  shift 90
	ENTERO  shift 17
	ENTEROCORTO  shift 18
	PUNTOFLOTANTE  shift 19
	'-'  shift 20
	.  error

	ReferenciaObjeto  goto 91
	Constante  goto 38
	Expresion  goto 97
	Termino  goto 93
	ConversionExplicita  goto 94
	Factor  goto 95
	Factor_RefObjeto  goto 96


state 50
	BloqueIF : IF Condicion . CuerpoIF ELSE CuerpoIF END_IF  (58)
	BloqueIF : IF Condicion . CuerpoIF END_IF  (59)
	BloqueIF : IF Condicion . CuerpoIF ELSE CuerpoIF error  (60)
	BloqueIF : IF Condicion . CuerpoIF error  (61)
	BloqueIF : IF Condicion . SentenciaEjecutable ',' ELSE CuerpoIF END_IF  (62)
	BloqueIF : IF Condicion . SentenciaEjecutable ',' ELSE SentenciaEjecutable ',' END_IF  (63)
	BloqueIF : IF Condicion . CuerpoIF ELSE SentenciaEjecutable ',' END_IF  (64)
	BloqueIF : IF Condicion . SentenciaEjecutable ',' ELSE CuerpoIF error  (65)
	BloqueIF : IF Condicion . SentenciaEjecutable ',' ELSE SentenciaEjecutable error  (66)
	BloqueIF : IF Condicion . CuerpoIF ELSE SentenciaEjecutable ',' error  (67)
	BloqueIF : IF Condicion . SentenciaEjecutable ',' error CuerpoIF END_IF  (68)
	BloqueIF : IF Condicion . SentenciaEjecutable ',' error SentenciaEjecutable END_IF  (69)
	BloqueIF : IF Condicion . SentenciaEjecutable error ELSE CuerpoIF END_IF  (70)
	BloqueIF : IF Condicion . CuerpoIF ELSE SentenciaEjecutable error END_IF  (71)
	BloqueIF : IF Condicion . SentenciaEjecutable error END_IF  (72)

	error  shift 98
	IF  shift 5
	PRINT  shift 6
	ID  shift 59
	ASIG  shift 15
	ENTERO  shift 17
	ENTEROCORTO  shift 18
	PUNTOFLOTANTE  shift 19
	'{'  shift 60
	'-'  shift 20
	'='  shift 21
	.  error

	SentenciaEjecutable  goto 99
	ReferenciaObjeto  goto 27
	ReferenciaObjetoFuncion  goto 28
	LlamadoFuncion  goto 29
	Asignacion  goto 30
	BloqueIF  goto 31
	SalidaMensaje  goto 32
	Constante  goto 38
	Factor  goto 39
	CuerpoIF  goto 100
	OperadorAsignacion  goto 43


state 51
	SalidaMensaje : PRINT error .  (115)

	.  reduce 115


state 52
	Factor : ID .  (52)

	.  reduce 52


state 53
	SalidaMensaje : PRINT CADENA .  (113)

	.  reduce 113


state 54
	SalidaMensaje : PRINT Factor .  (114)

	.  reduce 114


state 55
	EncabezadoClase : CLASS ID .  (136)

	.  reduce 136


state 56
	Funcion : VOID error . Parametro '{' ListSentenciasFuncion '}'  (95)

	error  shift 81
	'('  shift 82
	.  error

	Parametro  goto 101


state 57
	EncabezadoFuncion : VOID ID .  (97)

	.  reduce 97


state 58
	CuerpoIF : error . SentenciasIF '}'  (76)
	SentenciaControl : DO error . UNTIL Condicion  (128)

	error  shift 102
	IF  shift 5
	PRINT  shift 6
	UNTIL  shift 103
	ID  shift 59
	ASIG  shift 15
	ENTERO  shift 17
	ENTEROCORTO  shift 18
	PUNTOFLOTANTE  shift 19
	'-'  shift 20
	'='  shift 21
	.  error

	SentenciaEjecutable  goto 104
	ReferenciaObjeto  goto 27
	ReferenciaObjetoFuncion  goto 28
	LlamadoFuncion  goto 29
	Asignacion  goto 30
	BloqueIF  goto 31
	SalidaMensaje  goto 32
	Constante  goto 38
	Factor  goto 39
	SentenciasIF  goto 105
	ListaSentenciasIF  goto 106
	OperadorAsignacion  goto 43


state 59
	ReferenciaObjeto : ID . '.' ID  (10)
	ReferenciaObjetoFuncion : ID . '.' LlamadoFuncion  (11)
	Factor : ID .  (52)
	LlamadoFuncion : ID . '(' ')'  (109)
	LlamadoFuncion : ID . error ')'  (110)
	LlamadoFuncion : ID . '(' error  (111)
	LlamadoFuncion : ID . '(' Expresion ')'  (112)

	error  shift 64
	'.'  shift 66
	'('  shift 67
	ASIG  reduce 52
	'='  reduce 52


state 60
	CuerpoIF : '{' . SentenciasIF '}'  (73)
	CuerpoIF : '{' . SentenciasIF RETURN ',' '}'  (74)
	CuerpoIF : '{' . SentenciasIF RETURN error '}'  (75)
	CuerpoIF : '{' . SentenciasIF error  (77)
	CuerpoIF : '{' . '}'  (78)

	error  shift 102
	IF  shift 5
	PRINT  shift 6
	ID  shift 59
	ASIG  shift 15
	ENTERO  shift 17
	ENTEROCORTO  shift 18
	PUNTOFLOTANTE  shift 19
	'}'  shift 107
	'-'  shift 20
	'='  shift 21
	.  error

	SentenciaEjecutable  goto 104
	ReferenciaObjeto  goto 27
	ReferenciaObjetoFuncion  goto 28
	LlamadoFuncion  goto 29
	Asignacion  goto 30
	BloqueIF  goto 31
	SalidaMensaje  goto 32
	Constante  goto 38
	Factor  goto 39
	SentenciasIF  goto 108
	ListaSentenciasIF  goto 106
	OperadorAsignacion  goto 43


state 61
	SentenciaControl : DO SentenciaEjecutable . ',' UNTIL Condicion  (126)
	SentenciaControl : DO SentenciaEjecutable . ',' UNTIL error  (127)
	SentenciaControl : DO SentenciaEjecutable . UNTIL Condicion  (129)

	UNTIL  shift 109
	','  shift 110
	.  error


state 62
	SentenciaControl : DO CuerpoIF . UNTIL Condicion  (124)
	SentenciaControl : DO CuerpoIF . UNTIL error  (125)

	UNTIL  shift 111
	.  error


state 63
	FuncionIMPL : IMPL FOR . ID ':' '{' Funcion '}'  (139)
	FuncionIMPL : IMPL FOR . ID ':' error Funcion '}'  (140)
	FuncionIMPL : IMPL FOR . ID ':' error Funcion '}'  (141)
	FuncionIMPL : IMPL FOR . ID ':' '{' Funcion error  (142)

	ID  shift 112
	.  error


state 64
	LlamadoFuncion : ID error . ')'  (110)

	')'  shift 113
	.  error


state 65
	ListVariablesObj : ID .  (31)

	.  reduce 31


state 66
	ReferenciaObjeto : ID '.' . ID  (10)
	ReferenciaObjetoFuncion : ID '.' . LlamadoFuncion  (11)

	ID  shift 114
	.  error

	LlamadoFuncion  goto 115


state 67
	LlamadoFuncion : ID '(' . ')'  (109)
	LlamadoFuncion : ID '(' . error  (111)
	LlamadoFuncion : ID '(' . Expresion ')'  (112)

	error  shift 116
	ID  shift 89
	TOD  shift 90
	ENTERO  shift 17
	ENTEROCORTO  shift 18
	PUNTOFLOTANTE  shift 19
	'-'  shift 20
	')'  shift 117
	.  error

	ReferenciaObjeto  goto 91
	Constante  goto 38
	Expresion  goto 118
	Termino  goto 93
	ConversionExplicita  goto 94
	Factor  goto 95
	Factor_RefObjeto  goto 96


state 68
	Objeto_clase : ID ListVariablesObj .  (30)
	ListVariablesObj : ListVariablesObj . ';' ID  (32)

	';'  shift 119
	error  reduce 30
	','  reduce 30


state 69
	Sentencia : RETURN ',' .  (9)

	.  reduce 9


state 70
	Constante : '-' ENTERO .  (40)

	.  reduce 40


state 71
	Constante : '-' ENTEROCORTO .  (38)

	.  reduce 38


state 72
	Constante : '-' PUNTOFLOTANTE .  (41)

	.  reduce 41


state 73
	Programa : error ListSentencias '}' .  (2)

	.  reduce 2


state 74
	ListSentencias : ListSentencias Sentencia . ','  (3)

	','  shift 120
	.  error


state 75
	ListSentencias : Sentencia error .  (5)

	.  reduce 5


state 76
	ListSentencias : Sentencia ',' .  (4)

	.  reduce 4


state 77
	Asignacion : ReferenciaObjeto OperadorAsignacion . ReferenciaObjeto  (119)
	Asignacion : ReferenciaObjeto OperadorAsignacion . Factor  (120)
	Asignacion : ReferenciaObjeto OperadorAsignacion . error  (121)

	error  shift 121
	ID  shift 89
	ENTERO  shift 17
	ENTEROCORTO  shift 18
	PUNTOFLOTANTE  shift 19
	'-'  shift 20
	.  error

	ReferenciaObjeto  goto 122
	Constante  goto 38
	Factor  goto 123


state 78
	SentenciaDeclarativa : Tipo error .  (24)

	.  reduce 24


state 79
	SentenciaDeclarativa : Tipo ListVariables .  (21)
	ListVariables : ListVariables . ';' ID  (29)

	';'  shift 88
	error  reduce 21
	','  reduce 21


state 80
	Asignacion : Factor OperadorAsignacion . Expresion  (118)
	Asignacion : Factor OperadorAsignacion . error  (122)

	error  shift 124
	ID  shift 89
	TOD  shift 90
	ENTERO  shift 17
	ENTEROCORTO  shift 18
	PUNTOFLOTANTE  shift 19
	'-'  shift 20
	.  error

	ReferenciaObjeto  goto 91
	Constante  goto 38
	Expresion  goto 125
	Termino  goto 93
	ConversionExplicita  goto 94
	Factor  goto 95
	Factor_RefObjeto  goto 96


state 81
	Parametro : error . Tipo ID ')'  (100)
	Parametro : error . ')'  (103)

	INT  shift 11
	USHORT  shift 12
	DOUBLE  shift 13
	')'  shift 126
	.  error

	Tipo  goto 127


state 82
	Parametro : '(' . Tipo ID ')'  (98)
	Parametro : '(' . Tipo ID error  (99)
	Parametro : '(' . ')'  (101)
	Parametro : '(' . error  (102)

	error  shift 128
	INT  shift 11
	USHORT  shift 12
	DOUBLE  shift 13
	')'  shift 129
	.  error

	Tipo  goto 130


state 83
	Funcion : EncabezadoFuncion Parametro . '{' ListSentenciasFuncion '}' RETURN ','  (92)
	Funcion : EncabezadoFuncion Parametro . '{' ListSentenciasFuncion RETURN ',' '}'  (93)
	Funcion : EncabezadoFuncion Parametro . '{' ListSentenciasFuncion '}'  (94)
	Funcion : EncabezadoFuncion Parametro . '{' '}'  (96)
	FuncionSinCuerpo : EncabezadoFuncion Parametro .  (138)

	'{'  shift 131
	error  reduce 138
	','  reduce 138


state 84
	Asignacion : OperadorAsignacion Factor .  (123)

	.  reduce 123


state 85
	ListClase : '{' . ListSentenciasClase '}'  (135)

	error  shift 4
	CLASS  shift 7
	VOID  shift 8
	IMPL  shift 10
	INT  shift 11
	USHORT  shift 12
	DOUBLE  shift 13
	ID  shift 132
	RETURN  shift 133
	.  error

	SentenciaDeclarativa  goto 134
	ListSentenciasClase  goto 135
	Tipo  goto 33
	ListFuncion  goto 34
	Clase  goto 35
	Objeto_clase  goto 36
	FuncionIMPL  goto 37
	Funcion  goto 40
	FuncionSinCuerpo  goto 41
	EncabezadoFuncion  goto 42
	EncabezadoClase  goto 44


state 86
	Clase : EncabezadoClase ListClase .  (137)

	.  reduce 137


state 87
	Programa : '{' ListSentencias '}' .  (1)

	.  reduce 1


state 88
	ListVariables : ListVariables ';' . ID  (29)

	ID  shift 136
	.  error


state 89
	ReferenciaObjeto : ID . '.' ID  (10)
	Factor : ID .  (52)

	'.'  shift 137
	error  reduce 52
	END_IF  reduce 52
	UNTIL  reduce 52
	IGUAL  reduce 52
	DIST  reduce 52
	MENORIGUAL  reduce 52
	MAYORIGUAL  reduce 52
	','  reduce 52
	'-'  reduce 52
	'+'  reduce 52
	'*'  reduce 52
	'/'  reduce 52
	')'  reduce 52
	'<'  reduce 52
	'>'  reduce 52


state 90
	ConversionExplicita : TOD . ParametroTOD  (133)
	ConversionExplicita : TOD . '(' ')'  (134)

	error  shift 138
	'('  shift 139
	.  error

	ParametroTOD  goto 140


state 91
	Factor_RefObjeto : ReferenciaObjeto .  (54)

	.  reduce 54


state 92
	Expresion : Expresion . '+' Termino  (42)
	Expresion : Expresion . '-' Termino  (43)
	Condicion : error Expresion . Comparador Expresion ')'  (57)

	IGUAL  shift 141
	DIST  shift 142
	MENORIGUAL  shift 143
	MAYORIGUAL  shift 144
	'-'  shift 145
	'+'  shift 146
	'<'  shift 147
	'>'  shift 148
	.  error

	Comparador  goto 149


state 93
	Expresion : Termino .  (44)
	Termino : Termino . '*' Factor  (46)
	Termino : Termino . '/' Factor  (47)
	Termino : Termino . '*' Factor_RefObjeto  (49)
	Termino : Termino . '/' Factor_RefObjeto  (50)

	'*'  shift 150
	'/'  shift 151
	error  reduce 44
	END_IF  reduce 44
	UNTIL  reduce 44
	IGUAL  reduce 44
	DIST  reduce 44
	MENORIGUAL  reduce 44
	MAYORIGUAL  reduce 44
	','  reduce 44
	'-'  reduce 44
	'+'  reduce 44
	')'  reduce 44
	'<'  reduce 44
	'>'  reduce 44


state 94
	Expresion : ConversionExplicita .  (45)

	.  reduce 45


state 95
	Termino : Factor .  (48)

	.  reduce 48


state 96
	Termino : Factor_RefObjeto .  (51)

	.  reduce 51


state 97
	Expresion : Expresion . '+' Termino  (42)
	Expresion : Expresion . '-' Termino  (43)
	Condicion : '(' Expresion . Comparador Expresion ')'  (55)
	Condicion : '(' Expresion . Comparador Expresion error  (56)

	IGUAL  shift 141
	DIST  shift 142
	MENORIGUAL  shift 143
	MAYORIGUAL  shift 144
	'-'  shift 145
	'+'  shift 146
	'<'  shift 147
	'>'  shift 148
	.  error

	Comparador  goto 152


state 98
	CuerpoIF : error . SentenciasIF '}'  (76)

	error  shift 102
	IF  shift 5
	PRINT  shift 6
	ID  shift 59
	ASIG  shift 15
	ENTERO  shift 17
	ENTEROCORTO  shift 18
	PUNTOFLOTANTE  shift 19
	'-'  shift 20
	'='  shift 21
	.  error

	SentenciaEjecutable  goto 104
	ReferenciaObjeto  goto 27
	ReferenciaObjetoFuncion  goto 28
	LlamadoFuncion  goto 29
	Asignacion  goto 30
	BloqueIF  goto 31
	SalidaMensaje  goto 32
	Constante  goto 38
	Factor  goto 39
	SentenciasIF  goto 105
	ListaSentenciasIF  goto 106
	OperadorAsignacion  goto 43


state 99
	BloqueIF : IF Condicion SentenciaEjecutable . ',' ELSE CuerpoIF END_IF  (62)
	BloqueIF : IF Condicion SentenciaEjecutable . ',' ELSE SentenciaEjecutable ',' END_IF  (63)
	BloqueIF : IF Condicion SentenciaEjecutable . ',' ELSE CuerpoIF error  (65)
	BloqueIF : IF Condicion SentenciaEjecutable . ',' ELSE SentenciaEjecutable error  (66)
	BloqueIF : IF Condicion SentenciaEjecutable . ',' error CuerpoIF END_IF  (68)
	BloqueIF : IF Condicion SentenciaEjecutable . ',' error SentenciaEjecutable END_IF  (69)
	BloqueIF : IF Condicion SentenciaEjecutable . error ELSE CuerpoIF END_IF  (70)
	BloqueIF : IF Condicion SentenciaEjecutable . error END_IF  (72)

	error  shift 153
	','  shift 154
	.  error


state 100
	BloqueIF : IF Condicion CuerpoIF . ELSE CuerpoIF END_IF  (58)
	BloqueIF : IF Condicion CuerpoIF . END_IF  (59)
	BloqueIF : IF Condicion CuerpoIF . ELSE CuerpoIF error  (60)
	BloqueIF : IF Condicion CuerpoIF . error  (61)
	BloqueIF : IF Condicion CuerpoIF . ELSE SentenciaEjecutable ',' END_IF  (64)
	BloqueIF : IF Condicion CuerpoIF . ELSE SentenciaEjecutable ',' error  (67)
	BloqueIF : IF Condicion CuerpoIF . ELSE SentenciaEjecutable error END_IF  (71)

	error  shift 155
	ELSE  shift 156
	END_IF  shift 157
	.  error


state 101
	Funcion : VOID error Parametro . '{' ListSentenciasFuncion '}'  (95)

	'{'  shift 158
	.  error


state 102
	ListaSentenciasIF : error .  (80)

	.  reduce 80


state 103
	SentenciaControl : DO error UNTIL . Condicion  (128)

	error  shift 48
	'('  shift 49
	.  error

	Condicion  goto 159


state 104
	ListaSentenciasIF : SentenciaEjecutable . ','  (81)
	ListaSentenciasIF : SentenciaEjecutable . error  (82)

	error  shift 160
	','  shift 161
	.  error


state 105
	CuerpoIF : error SentenciasIF . '}'  (76)

	'}'  shift 162
	.  error


state 106
	SentenciasIF : ListaSentenciasIF .  (79)
	ListaSentenciasIF : ListaSentenciasIF . SentenciaEjecutable ','  (83)

	IF  shift 5
	PRINT  shift 6
	ID  shift 59
	ASIG  shift 15
	ENTERO  shift 17
	ENTEROCORTO  shift 18
	PUNTOFLOTANTE  shift 19
	'-'  shift 20
	'='  shift 21
	error  reduce 79
	RETURN  reduce 79
	'}'  reduce 79

	SentenciaEjecutable  goto 163
	ReferenciaObjeto  goto 27
	ReferenciaObjetoFuncion  goto 28
	LlamadoFuncion  goto 29
	Asignacion  goto 30
	BloqueIF  goto 31
	SalidaMensaje  goto 32
	Constante  goto 38
	Factor  goto 39
	OperadorAsignacion  goto 43


state 107
	CuerpoIF : '{' '}' .  (78)

	.  reduce 78


state 108
	CuerpoIF : '{' SentenciasIF . '}'  (73)
	CuerpoIF : '{' SentenciasIF . RETURN ',' '}'  (74)
	CuerpoIF : '{' SentenciasIF . RETURN error '}'  (75)
	CuerpoIF : '{' SentenciasIF . error  (77)

	error  shift 164
	RETURN  shift 165
	'}'  shift 166
	.  error


state 109
	SentenciaControl : DO SentenciaEjecutable UNTIL . Condicion  (129)

	error  shift 48
	'('  shift 49
	.  error

	Condicion  goto 167


state 110
	SentenciaControl : DO SentenciaEjecutable ',' . UNTIL Condicion  (126)
	SentenciaControl : DO SentenciaEjecutable ',' . UNTIL error  (127)

	UNTIL  shift 168
	.  error


state 111
	SentenciaControl : DO CuerpoIF UNTIL . Condicion  (124)
	SentenciaControl : DO CuerpoIF UNTIL . error  (125)

	error  shift 169
	'('  shift 49
	.  error

	Condicion  goto 170


state 112
	FuncionIMPL : IMPL FOR ID . ':' '{' Funcion '}'  (139)
	FuncionIMPL : IMPL FOR ID . ':' error Funcion '}'  (140)
	FuncionIMPL : IMPL FOR ID . ':' error Funcion '}'  (141)
	FuncionIMPL : IMPL FOR ID . ':' '{' Funcion error  (142)

	':'  shift 171
	.  error


state 113
	LlamadoFuncion : ID error ')' .  (110)

	.  reduce 110


state 114
	ReferenciaObjeto : ID '.' ID .  (10)
	LlamadoFuncion : ID . '(' ')'  (109)
	LlamadoFuncion : ID . error ')'  (110)
	LlamadoFuncion : ID . '(' error  (111)
	LlamadoFuncion : ID . '(' Expresion ')'  (112)

	error  shift 64
	'('  shift 67
	ASIG  reduce 10
	'='  reduce 10


state 115
	ReferenciaObjetoFuncion : ID '.' LlamadoFuncion .  (11)

	.  reduce 11


state 116
	LlamadoFuncion : ID '(' error .  (111)

	.  reduce 111


state 117
	LlamadoFuncion : ID '(' ')' .  (109)

	.  reduce 109


state 118
	Expresion : Expresion . '+' Termino  (42)
	Expresion : Expresion . '-' Termino  (43)
	LlamadoFuncion : ID '(' Expresion . ')'  (112)

	'-'  shift 145
	'+'  shift 146
	')'  shift 172
	.  error


state 119
	ListVariablesObj : ListVariablesObj ';' . ID  (32)

	ID  shift 173
	.  error


state 120
	ListSentencias : ListSentencias Sentencia ',' .  (3)

	.  reduce 3


state 121
	Asignacion : ReferenciaObjeto OperadorAsignacion error .  (121)

	.  reduce 121


state 122
	Asignacion : ReferenciaObjeto OperadorAsignacion ReferenciaObjeto .  (119)

	.  reduce 119


state 123
	Asignacion : ReferenciaObjeto OperadorAsignacion Factor .  (120)

	.  reduce 120


state 124
	Asignacion : Factor OperadorAsignacion error .  (122)

	.  reduce 122


state 125
	Expresion : Expresion . '+' Termino  (42)
	Expresion : Expresion . '-' Termino  (43)
	Asignacion : Factor OperadorAsignacion Expresion .  (118)

	'-'  shift 145
	'+'  shift 146
	error  reduce 118
	END_IF  reduce 118
	UNTIL  reduce 118
	','  reduce 118


state 126
	Parametro : error ')' .  (103)

	.  reduce 103


state 127
	Parametro : error Tipo . ID ')'  (100)

	ID  shift 174
	.  error


state 128
	Parametro : '(' error .  (102)

	.  reduce 102


state 129
	Parametro : '(' ')' .  (101)

	.  reduce 101


state 130
	Parametro : '(' Tipo . ID ')'  (98)
	Parametro : '(' Tipo . ID error  (99)

	ID  shift 175
	.  error


state 131
	Funcion : EncabezadoFuncion Parametro '{' . ListSentenciasFuncion '}' RETURN ','  (92)
	Funcion : EncabezadoFuncion Parametro '{' . ListSentenciasFuncion RETURN ',' '}'  (93)
	Funcion : EncabezadoFuncion Parametro '{' . ListSentenciasFuncion '}'  (94)
	Funcion : EncabezadoFuncion Parametro '{' . '}'  (96)

	error  shift 4
	IF  shift 5
	PRINT  shift 6
	CLASS  shift 7
	VOID  shift 8
	DO  shift 9
	IMPL  shift 10
	INT  shift 11
	USHORT  shift 12
	DOUBLE  shift 13
	ID  shift 14
	ASIG  shift 15
	RETURN  shift 176
	ENTERO  shift 17
	ENTEROCORTO  shift 18
	PUNTOFLOTANTE  shift 19
	'}'  shift 177
	'-'  shift 20
	'='  shift 21
	.  error

	Sentencia  goto 178
	SentenciaControl  goto 24
	SentenciaDeclarativa  goto 179
	SentenciaEjecutable  goto 180
	ReferenciaObjeto  goto 27
	ReferenciaObjetoFuncion  goto 28
	LlamadoFuncion  goto 29
	Asignacion  goto 30
	BloqueIF  goto 31
	SalidaMensaje  goto 32
	Tipo  goto 33
	ListFuncion  goto 34
	Clase  goto 35
	Objeto_clase  goto 36
	FuncionIMPL  goto 37
	Constante  goto 38
	Factor  goto 39
	Funcion  goto 40
	FuncionSinCuerpo  goto 41
	EncabezadoFuncion  goto 42
	ListSentenciasFuncion  goto 181
	OperadorAsignacion  goto 43
	EncabezadoClase  goto 44


state 132
	Objeto_clase : ID . ListVariablesObj  (30)

	ID  shift 65
	.  error

	ListVariablesObj  goto 68


state 133
	ListSentenciasClase : RETURN . ','  (19)

	','  shift 182
	.  error


state 134
	ListSentenciasClase : SentenciaDeclarativa . ','  (18)

	','  shift 183
	.  error


state 135
	ListSentenciasClase : ListSentenciasClase . SentenciaDeclarativa ','  (17)
	ListSentenciasClase : ListSentenciasClase . RETURN ','  (20)
	ListClase : '{' ListSentenciasClase . '}'  (135)

	error  shift 4
	CLASS  shift 7
	VOID  shift 8
	IMPL  shift 10
	INT  shift 11
	USHORT  shift 12
	DOUBLE  shift 13
	ID  shift 132
	RETURN  shift 184
	'}'  shift 185
	.  error

	SentenciaDeclarativa  goto 186
	Tipo  goto 33
	ListFuncion  goto 34
	Clase  goto 35
	Objeto_clase  goto 36
	FuncionIMPL  goto 37
	Funcion  goto 40
	FuncionSinCuerpo  goto 41
	EncabezadoFuncion  goto 42
	EncabezadoClase  goto 44


state 136
	ListVariables : ListVariables ';' ID .  (29)

	.  reduce 29


state 137
	ReferenciaObjeto : ID '.' . ID  (10)

	ID  shift 187
	.  error


state 138
	ParametroTOD : error . Expresion ')'  (131)

	ID  shift 89
	TOD  shift 90
	ENTERO  shift 17
	ENTEROCORTO  shift 18
	PUNTOFLOTANTE  shift 19
	'-'  shift 20
	.  error

	ReferenciaObjeto  goto 91
	Constante  goto 38
	Expresion  goto 188
	Termino  goto 93
	ConversionExplicita  goto 94
	Factor  goto 95
	Factor_RefObjeto  goto 96


state 139
	ParametroTOD : '(' . Expresion ')'  (130)
	ParametroTOD : '(' . Expresion error  (132)
	ConversionExplicita : TOD '(' . ')'  (134)

	ID  shift 89
	TOD  shift 90
	ENTERO  shift 17
	ENTEROCORTO  shift 18
	PUNTOFLOTANTE  shift 19
	'-'  shift 20
	')'  shift 189
	.  error

	ReferenciaObjeto  goto 91
	Constante  goto 38
	Expresion  goto 190
	Termino  goto 93
	ConversionExplicita  goto 94
	Factor  goto 95
	Factor_RefObjeto  goto 96


state 140
	ConversionExplicita : TOD ParametroTOD .  (133)

	.  reduce 133


state 141
	Comparador : IGUAL .  (88)

	.  reduce 88


state 142
	Comparador : DIST .  (89)

	.  reduce 89


state 143
	Comparador : MENORIGUAL .  (87)

	.  reduce 87


state 144
	Comparador : MAYORIGUAL .  (86)

	.  reduce 86


state 145
	Expresion : Expresion '-' . Termino  (43)

	ID  shift 89
	ENTERO  shift 17
	ENTEROCORTO  shift 18
	PUNTOFLOTANTE  shift 19
	'-'  shift 20
	.  error

	ReferenciaObjeto  goto 91
	Constante  goto 38
	Termino  goto 191
	Factor  goto 95
	Factor_RefObjeto  goto 96


state 146
	Expresion : Expresion '+' . Termino  (42)

	ID  shift 89
	ENTERO  shift 17
	ENTEROCORTO  shift 18
	PUNTOFLOTANTE  shift 19
	'-'  shift 20
	.  error

	ReferenciaObjeto  goto 91
	Constante  goto 38
	Termino  goto 192
	Factor  goto 95
	Factor_RefObjeto  goto 96


state 147
	Comparador : '<' .  (84)

	.  reduce 84


state 148
	Comparador : '>' .  (85)

	.  reduce 85


state 149
	Condicion : error Expresion Comparador . Expresion ')'  (57)

	ID  shift 89
	TOD  shift 90
	ENTERO  shift 17
	ENTEROCORTO  shift 18
	PUNTOFLOTANTE  shift 19
	'-'  shift 20
	.  error

	ReferenciaObjeto  goto 91
	Constante  goto 38
	Expresion  goto 193
	Termino  goto 93
	ConversionExplicita  goto 94
	Factor  goto 95
	Factor_RefObjeto  goto 96


state 150
	Termino : Termino '*' . Factor  (46)
	Termino : Termino '*' . Factor_RefObjeto  (49)

	ID  shift 89
	ENTERO  shift 17
	ENTEROCORTO  shift 18
	PUNTOFLOTANTE  shift 19
	'-'  shift 20
	.  error

	ReferenciaObjeto  goto 91
	Constante  goto 38
	Factor  goto 194
	Factor_RefObjeto  goto 195


state 151
	Termino : Termino '/' . Factor  (47)
	Termino : Termino '/' . Factor_RefObjeto  (50)

	ID  shift 89
	ENTERO  shift 17
	ENTEROCORTO  shift 18
	PUNTOFLOTANTE  shift 19
	'-'  shift 20
	.  error

	ReferenciaObjeto  goto 91
	Constante  goto 38
	Factor  goto 196
	Factor_RefObjeto  goto 197


state 152
	Condicion : '(' Expresion Comparador . Expresion ')'  (55)
	Condicion : '(' Expresion Comparador . Expresion error  (56)

	ID  shift 89
	TOD  shift 90
	ENTERO  shift 17
	ENTEROCORTO  shift 18
	PUNTOFLOTANTE  shift 19
	'-'  shift 20
	.  error

	ReferenciaObjeto  goto 91
	Constante  goto 38
	Expresion  goto 198
	Termino  goto 93
	ConversionExplicita  goto 94
	Factor  goto 95
	Factor_RefObjeto  goto 96


state 153
	BloqueIF : IF Condicion SentenciaEjecutable error . ELSE CuerpoIF END_IF  (70)
	BloqueIF : IF Condicion SentenciaEjecutable error . END_IF  (72)

	ELSE  shift 199
	END_IF  shift 200
	.  error


state 154
	BloqueIF : IF Condicion SentenciaEjecutable ',' . ELSE CuerpoIF END_IF  (62)
	BloqueIF : IF Condicion SentenciaEjecutable ',' . ELSE SentenciaEjecutable ',' END_IF  (63)
	BloqueIF : IF Condicion SentenciaEjecutable ',' . ELSE CuerpoIF error  (65)
	BloqueIF : IF Condicion SentenciaEjecutable ',' . ELSE SentenciaEjecutable error  (66)
	BloqueIF : IF Condicion SentenciaEjecutable ',' . error CuerpoIF END_IF  (68)
	BloqueIF : IF Condicion SentenciaEjecutable ',' . error SentenciaEjecutable END_IF  (69)

	error  shift 201
	ELSE  shift 202
	.  error


state 155
	BloqueIF : IF Condicion CuerpoIF error .  (61)

	.  reduce 61


state 156
	BloqueIF : IF Condicion CuerpoIF ELSE . CuerpoIF END_IF  (58)
	BloqueIF : IF Condicion CuerpoIF ELSE . CuerpoIF error  (60)
	BloqueIF : IF Condicion CuerpoIF ELSE . SentenciaEjecutable ',' END_IF  (64)
	BloqueIF : IF Condicion CuerpoIF ELSE . SentenciaEjecutable ',' error  (67)
	BloqueIF : IF Condicion CuerpoIF ELSE . SentenciaEjecutable error END_IF  (71)

	error  shift 98
	IF  shift 5
	PRINT  shift 6
	ID  shift 59
	ASIG  shift 15
	ENTERO  shift 17
	ENTEROCORTO  shift 18
	PUNTOFLOTANTE  shift 19
	'{'  shift 60
	'-'  shift 20
	'='  shift 21
	.  error

	SentenciaEjecutable  goto 203
	ReferenciaObjeto  goto 27
	ReferenciaObjetoFuncion  goto 28
	LlamadoFuncion  goto 29
	Asignacion  goto 30
	BloqueIF  goto 31
	SalidaMensaje  goto 32
	Constante  goto 38
	Factor  goto 39
	CuerpoIF  goto 204
	OperadorAsignacion  goto 43


state 157
	BloqueIF : IF Condicion CuerpoIF END_IF .  (59)

	.  reduce 59


state 158
	Funcion : VOID error Parametro '{' . ListSentenciasFuncion '}'  (95)

	error  shift 4
	IF  shift 5
	PRINT  shift 6
	CLASS  shift 7
	VOID  shift 8
	DO  shift 9
	IMPL  shift 10
	INT  shift 11
	USHORT  shift 12
	DOUBLE  shift 13
	ID  shift 14
	ASIG  shift 15
	RETURN  shift 176
	ENTERO  shift 17
	ENTEROCORTO  shift 18
	PUNTOFLOTANTE  shift 19
	'-'  shift 20
	'='  shift 21
	.  error

	Sentencia  goto 178
	SentenciaControl  goto 24
	SentenciaDeclarativa  goto 179
	SentenciaEjecutable  goto 180
	ReferenciaObjeto  goto 27
	ReferenciaObjetoFuncion  goto 28
	LlamadoFuncion  goto 29
	Asignacion  goto 30
	BloqueIF  goto 31
	SalidaMensaje  goto 32
	Tipo  goto 33
	ListFuncion  goto 34
	Clase  goto 35
	Objeto_clase  goto 36
	FuncionIMPL  goto 37
	Constante  goto 38
	Factor  goto 39
	Funcion  goto 40
	FuncionSinCuerpo  goto 41
	EncabezadoFuncion  goto 42
	ListSentenciasFuncion  goto 205
	OperadorAsignacion  goto 43
	EncabezadoClase  goto 44


state 159
	SentenciaControl : DO error UNTIL Condicion .  (128)

	.  reduce 128


state 160
	ListaSentenciasIF : SentenciaEjecutable error .  (82)

	.  reduce 82


state 161
	ListaSentenciasIF : SentenciaEjecutable ',' .  (81)

	.  reduce 81


state 162
	CuerpoIF : error SentenciasIF '}' .  (76)

	.  reduce 76


state 163
	ListaSentenciasIF : ListaSentenciasIF SentenciaEjecutable . ','  (83)

	','  shift 206
	.  error


state 164
	CuerpoIF : '{' SentenciasIF error .  (77)

	.  reduce 77


state 165
	CuerpoIF : '{' SentenciasIF RETURN . ',' '}'  (74)
	CuerpoIF : '{' SentenciasIF RETURN . error '}'  (75)

	error  shift 207
	','  shift 208
	.  error


state 166
	CuerpoIF : '{' SentenciasIF '}' .  (73)

	.  reduce 73


state 167
	SentenciaControl : DO SentenciaEjecutable UNTIL Condicion .  (129)

	.  reduce 129


state 168
	SentenciaControl : DO SentenciaEjecutable ',' UNTIL . Condicion  (126)
	SentenciaControl : DO SentenciaEjecutable ',' UNTIL . error  (127)

	error  shift 209
	'('  shift 49
	.  error

	Condicion  goto 210


state 169
	Condicion : error . Expresion Comparador Expresion ')'  (57)
	SentenciaControl : DO CuerpoIF UNTIL error .  (125)

	ID  shift 89
	TOD  shift 90
	ENTERO  shift 17
	ENTEROCORTO  shift 18
	PUNTOFLOTANTE  shift 19
	'-'  shift 20
	error  reduce 125
	','  reduce 125

	ReferenciaObjeto  goto 91
	Constante  goto 38
	Expresion  goto 92
	Termino  goto 93
	ConversionExplicita  goto 94
	Factor  goto 95
	Factor_RefObjeto  goto 96


state 170
	SentenciaControl : DO CuerpoIF UNTIL Condicion .  (124)

	.  reduce 124


state 171
	FuncionIMPL : IMPL FOR ID ':' . '{' Funcion '}'  (139)
	FuncionIMPL : IMPL FOR ID ':' . error Funcion '}'  (140)
	FuncionIMPL : IMPL FOR ID ':' . error Funcion '}'  (141)
	FuncionIMPL : IMPL FOR ID ':' . '{' Funcion error  (142)

	error  shift 211
	'{'  shift 212
	.  error


state 172
	LlamadoFuncion : ID '(' Expresion ')' .  (112)

	.  reduce 112


state 173
	ListVariablesObj : ListVariablesObj ';' ID .  (32)

	.  reduce 32


state 174
	Parametro : error Tipo ID . ')'  (100)

	')'  shift 213
	.  error


state 175
	Parametro : '(' Tipo ID . ')'  (98)
	Parametro : '(' Tipo ID . error  (99)

	error  shift 214
	')'  shift 215
	.  error


state 176
	Sentencia : RETURN . ','  (9)
	ListSentenciasFuncion : RETURN . error  (108)

	error  shift 216
	','  shift 69
	.  error


state 177
	Funcion : EncabezadoFuncion Parametro '{' '}' .  (96)

	.  reduce 96


state 178
	ListSentenciasFuncion : Sentencia . ','  (105)

	','  shift 217
	.  error


state 179
	Sentencia : SentenciaDeclarativa .  (7)
	ListSentenciasFuncion : SentenciaDeclarativa . error  (107)

	error  shift 218
	','  reduce 7


state 180
	Sentencia : SentenciaEjecutable .  (8)
	ListSentenciasFuncion : SentenciaEjecutable . error  (106)

	error  shift 219
	','  reduce 8


state 181
	Funcion : EncabezadoFuncion Parametro '{' ListSentenciasFuncion . '}' RETURN ','  (92)
	Funcion : EncabezadoFuncion Parametro '{' ListSentenciasFuncion . RETURN ',' '}'  (93)
	Funcion : EncabezadoFuncion Parametro '{' ListSentenciasFuncion . '}'  (94)
	ListSentenciasFuncion : ListSentenciasFuncion . Sentencia ','  (104)

	error  shift 4
	IF  shift 5
	PRINT  shift 6
	CLASS  shift 7
	VOID  shift 8
	DO  shift 9
	IMPL  shift 10
	INT  shift 11
	USHORT  shift 12
	DOUBLE  shift 13
	ID  shift 14
	ASIG  shift 15
	RETURN  shift 220
	ENTERO  shift 17
	ENTEROCORTO  shift 18
	PUNTOFLOTANTE  shift 19
	'}'  shift 221
	'-'  shift 20
	'='  shift 21
	.  error

	Sentencia  goto 222
	SentenciaControl  goto 24
	SentenciaDeclarativa  goto 25
	SentenciaEjecutable  goto 26
	ReferenciaObjeto  goto 27
	ReferenciaObjetoFuncion  goto 28
	LlamadoFuncion  goto 29
	Asignacion  goto 30
	BloqueIF  goto 31
	SalidaMensaje  goto 32
	Tipo  goto 33
	ListFuncion  goto 34
	Clase  goto 35
	Objeto_clase  goto 36
	FuncionIMPL  goto 37
	Constante  goto 38
	Factor  goto 39
	Funcion  goto 40
	FuncionSinCuerpo  goto 41
	EncabezadoFuncion  goto 42
	OperadorAsignacion  goto 43
	EncabezadoClase  goto 44


state 182
	ListSentenciasClase : RETURN ',' .  (19)

	.  reduce 19


state 183
	ListSentenciasClase : SentenciaDeclarativa ',' .  (18)

	.  reduce 18


state 184
	ListSentenciasClase : ListSentenciasClase RETURN . ','  (20)

	','  shift 223
	.  error


state 185
	ListClase : '{' ListSentenciasClase '}' .  (135)

	.  reduce 135


state 186
	ListSentenciasClase : ListSentenciasClase SentenciaDeclarativa . ','  (17)

	','  shift 224
	.  error


state 187
	ReferenciaObjeto : ID '.' ID .  (10)

	.  reduce 10


state 188
	Expresion : Expresion . '+' Termino  (42)
	Expresion : Expresion . '-' Termino  (43)
	ParametroTOD : error Expresion . ')'  (131)

	'-'  shift 145
	'+'  shift 146
	')'  shift 225
	.  error


state 189
	ConversionExplicita : TOD '(' ')' .  (134)

	.  reduce 134


state 190
	Expresion : Expresion . '+' Termino  (42)
	Expresion : Expresion . '-' Termino  (43)
	ParametroTOD : '(' Expresion . ')'  (130)
	ParametroTOD : '(' Expresion . error  (132)

	error  shift 226
	'-'  shift 145
	'+'  shift 146
	')'  shift 227
	.  error


state 191
	Expresion : Expresion '-' Termino .  (43)
	Termino : Termino . '*' Factor  (46)
	Termino : Termino . '/' Factor  (47)
	Termino : Termino . '*' Factor_RefObjeto  (49)
	Termino : Termino . '/' Factor_RefObjeto  (50)

	'*'  shift 150
	'/'  shift 151
	error  reduce 43
	END_IF  reduce 43
	UNTIL  reduce 43
	IGUAL  reduce 43
	DIST  reduce 43
	MENORIGUAL  reduce 43
	MAYORIGUAL  reduce 43
	','  reduce 43
	'-'  reduce 43
	'+'  reduce 43
	')'  reduce 43
	'<'  reduce 43
	'>'  reduce 43


state 192
	Expresion : Expresion '+' Termino .  (42)
	Termino : Termino . '*' Factor  (46)
	Termino : Termino . '/' Factor  (47)
	Termino : Termino . '*' Factor_RefObjeto  (49)
	Termino : Termino . '/' Factor_RefObjeto  (50)

	'*'  shift 150
	'/'  shift 151
	error  reduce 42
	END_IF  reduce 42
	UNTIL  reduce 42
	IGUAL  reduce 42
	DIST  reduce 42
	MENORIGUAL  reduce 42
	MAYORIGUAL  reduce 42
	','  reduce 42
	'-'  reduce 42
	'+'  reduce 42
	')'  reduce 42
	'<'  reduce 42
	'>'  reduce 42


state 193
	Expresion : Expresion . '+' Termino  (42)
	Expresion : Expresion . '-' Termino  (43)
	Condicion : error Expresion Comparador Expresion . ')'  (57)

	'-'  shift 145
	'+'  shift 146
	')'  shift 228
	.  error


state 194
	Termino : Termino '*' Factor .  (46)

	.  reduce 46


state 195
	Termino : Termino '*' Factor_RefObjeto .  (49)

	.  reduce 49


state 196
	Termino : Termino '/' Factor .  (47)

	.  reduce 47


state 197
	Termino : Termino '/' Factor_RefObjeto .  (50)

	.  reduce 50


state 198
	Expresion : Expresion . '+' Termino  (42)
	Expresion : Expresion . '-' Termino  (43)
	Condicion : '(' Expresion Comparador Expresion . ')'  (55)
	Condicion : '(' Expresion Comparador Expresion . error  (56)

	error  shift 229
	'-'  shift 145
	'+'  shift 146
	')'  shift 230
	.  error


state 199
	BloqueIF : IF Condicion SentenciaEjecutable error ELSE . CuerpoIF END_IF  (70)

	error  shift 98
	'{'  shift 60
	.  error

	CuerpoIF  goto 231


state 200
	BloqueIF : IF Condicion SentenciaEjecutable error END_IF .  (72)

	.  reduce 72


state 201
	BloqueIF : IF Condicion SentenciaEjecutable ',' error . CuerpoIF END_IF  (68)
	BloqueIF : IF Condicion SentenciaEjecutable ',' error . SentenciaEjecutable END_IF  (69)

	error  shift 98
	IF  shift 5
	PRINT  shift 6
	ID  shift 59
	ASIG  shift 15
	ENTERO  shift 17
	ENTEROCORTO  shift 18
	PUNTOFLOTANTE  shift 19
	'{'  shift 60
	'-'  shift 20
	'='  shift 21
	.  error

	SentenciaEjecutable  goto 232
	ReferenciaObjeto  goto 27
	ReferenciaObjetoFuncion  goto 28
	LlamadoFuncion  goto 29
	Asignacion  goto 30
	BloqueIF  goto 31
	SalidaMensaje  goto 32
	Constante  goto 38
	Factor  goto 39
	CuerpoIF  goto 233
	OperadorAsignacion  goto 43


state 202
	BloqueIF : IF Condicion SentenciaEjecutable ',' ELSE . CuerpoIF END_IF  (62)
	BloqueIF : IF Condicion SentenciaEjecutable ',' ELSE . SentenciaEjecutable ',' END_IF  (63)
	BloqueIF : IF Condicion SentenciaEjecutable ',' ELSE . CuerpoIF error  (65)
	BloqueIF : IF Condicion SentenciaEjecutable ',' ELSE . SentenciaEjecutable error  (66)

	error  shift 98
	IF  shift 5
	PRINT  shift 6
	ID  shift 59
	ASIG  shift 15
	ENTERO  shift 17
	ENTEROCORTO  shift 18
	PUNTOFLOTANTE  shift 19
	'{'  shift 60
	'-'  shift 20
	'='  shift 21
	.  error

	SentenciaEjecutable  goto 234
	ReferenciaObjeto  goto 27
	ReferenciaObjetoFuncion  goto 28
	LlamadoFuncion  goto 29
	Asignacion  goto 30
	BloqueIF  goto 31
	SalidaMensaje  goto 32
	Constante  goto 38
	Factor  goto 39
	CuerpoIF  goto 235
	OperadorAsignacion  goto 43


state 203
	BloqueIF : IF Condicion CuerpoIF ELSE SentenciaEjecutable . ',' END_IF  (64)
	BloqueIF : IF Condicion CuerpoIF ELSE SentenciaEjecutable . ',' error  (67)
	BloqueIF : IF Condicion CuerpoIF ELSE SentenciaEjecutable . error END_IF  (71)

	error  shift 236
	','  shift 237
	.  error


state 204
	BloqueIF : IF Condicion CuerpoIF ELSE CuerpoIF . END_IF  (58)
	BloqueIF : IF Condicion CuerpoIF ELSE CuerpoIF . error  (60)

	error  shift 238
	END_IF  shift 239
	.  error


state 205
	Funcion : VOID error Parametro '{' ListSentenciasFuncion . '}'  (95)
	ListSentenciasFuncion : ListSentenciasFuncion . Sentencia ','  (104)

	error  shift 4
	IF  shift 5
	PRINT  shift 6
	CLASS  shift 7
	VOID  shift 8
	DO  shift 9
	IMPL  shift 10
	INT  shift 11
	USHORT  shift 12
	DOUBLE  shift 13
	ID  shift 14
	ASIG  shift 15
	RETURN  shift 16
	ENTERO  shift 17
	ENTEROCORTO  shift 18
	PUNTOFLOTANTE  shift 19
	'}'  shift 240
	'-'  shift 20
	'='  shift 21
	.  error

	Sentencia  goto 222
	SentenciaControl  goto 24
	SentenciaDeclarativa  goto 25
	SentenciaEjecutable  goto 26
	ReferenciaObjeto  goto 27
	ReferenciaObjetoFuncion  goto 28
	LlamadoFuncion  goto 29
	Asignacion  goto 30
	BloqueIF  goto 31
	SalidaMensaje  goto 32
	Tipo  goto 33
	ListFuncion  goto 34
	Clase  goto 35
	Objeto_clase  goto 36
	FuncionIMPL  goto 37
	Constante  goto 38
	Factor  goto 39
	Funcion  goto 40
	FuncionSinCuerpo  goto 41
	EncabezadoFuncion  goto 42
	OperadorAsignacion  goto 43
	EncabezadoClase  goto 44


state 206
	ListaSentenciasIF : ListaSentenciasIF SentenciaEjecutable ',' .  (83)

	.  reduce 83


state 207
	CuerpoIF : '{' SentenciasIF RETURN error . '}'  (75)

	'}'  shift 241
	.  error


state 208
	CuerpoIF : '{' SentenciasIF RETURN ',' . '}'  (74)

	'}'  shift 242
	.  error


state 209
	Condicion : error . Expresion Comparador Expresion ')'  (57)
	SentenciaControl : DO SentenciaEjecutable ',' UNTIL error .  (127)

	ID  shift 89
	TOD  shift 90
	ENTERO  shift 17
	ENTEROCORTO  shift 18
	PUNTOFLOTANTE  shift 19
	'-'  shift 20
	error  reduce 127
	','  reduce 127

	ReferenciaObjeto  goto 91
	Constante  goto 38
	Expresion  goto 92
	Termino  goto 93
	ConversionExplicita  goto 94
	Factor  goto 95
	Factor_RefObjeto  goto 96


state 210
	SentenciaControl : DO SentenciaEjecutable ',' UNTIL Condicion .  (126)

	.  reduce 126


state 211
	FuncionIMPL : IMPL FOR ID ':' error . Funcion '}'  (140)
	FuncionIMPL : IMPL FOR ID ':' error . Funcion '}'  (141)

	VOID  shift 8
	.  error

	Funcion  goto 243
	EncabezadoFuncion  goto 244


state 212
	FuncionIMPL : IMPL FOR ID ':' '{' . Funcion '}'  (139)
	FuncionIMPL : IMPL FOR ID ':' '{' . Funcion error  (142)

	VOID  shift 8
	.  error

	Funcion  goto 245
	EncabezadoFuncion  goto 244


state 213
	Parametro : error Tipo ID ')' .  (100)

	.  reduce 100


state 214
	Parametro : '(' Tipo ID error .  (99)

	.  reduce 99


state 215
	Parametro : '(' Tipo ID ')' .  (98)

	.  reduce 98


state 216
	ListSentenciasFuncion : RETURN error .  (108)

	.  reduce 108


state 217
	ListSentenciasFuncion : Sentencia ',' .  (105)

	.  reduce 105


state 218
	ListSentenciasFuncion : SentenciaDeclarativa error .  (107)

	.  reduce 107


state 219
	ListSentenciasFuncion : SentenciaEjecutable error .  (106)

	.  reduce 106


state 220
	Sentencia : RETURN . ','  (9)
	Funcion : EncabezadoFuncion Parametro '{' ListSentenciasFuncion RETURN . ',' '}'  (93)

	','  shift 246
	.  error


state 221
	Funcion : EncabezadoFuncion Parametro '{' ListSentenciasFuncion '}' . RETURN ','  (92)
	Funcion : EncabezadoFuncion Parametro '{' ListSentenciasFuncion '}' .  (94)

	RETURN  shift 247
	error  reduce 94
	'}'  reduce 94
	','  reduce 94


state 222
	ListSentenciasFuncion : ListSentenciasFuncion Sentencia . ','  (104)

	','  shift 248
	.  error


state 223
	ListSentenciasClase : ListSentenciasClase RETURN ',' .  (20)

	.  reduce 20


state 224
	ListSentenciasClase : ListSentenciasClase SentenciaDeclarativa ',' .  (17)

	.  reduce 17


state 225
	ParametroTOD : error Expresion ')' .  (131)

	.  reduce 131


state 226
	ParametroTOD : '(' Expresion error .  (132)

	.  reduce 132


state 227
	ParametroTOD : '(' Expresion ')' .  (130)

	.  reduce 130


state 228
	Condicion : error Expresion Comparador Expresion ')' .  (57)

	.  reduce 57


state 229
	Condicion : '(' Expresion Comparador Expresion error .  (56)

	.  reduce 56


state 230
	Condicion : '(' Expresion Comparador Expresion ')' .  (55)

	.  reduce 55


state 231
	BloqueIF : IF Condicion SentenciaEjecutable error ELSE CuerpoIF . END_IF  (70)

	END_IF  shift 249
	.  error


state 232
	BloqueIF : IF Condicion SentenciaEjecutable ',' error SentenciaEjecutable . END_IF  (69)

	END_IF  shift 250
	.  error


state 233
	BloqueIF : IF Condicion SentenciaEjecutable ',' error CuerpoIF . END_IF  (68)

	END_IF  shift 251
	.  error


state 234
	BloqueIF : IF Condicion SentenciaEjecutable ',' ELSE SentenciaEjecutable . ',' END_IF  (63)
	BloqueIF : IF Condicion SentenciaEjecutable ',' ELSE SentenciaEjecutable . error  (66)

	error  shift 252
	','  shift 253
	.  error


state 235
	BloqueIF : IF Condicion SentenciaEjecutable ',' ELSE CuerpoIF . END_IF  (62)
	BloqueIF : IF Condicion SentenciaEjecutable ',' ELSE CuerpoIF . error  (65)

	error  shift 254
	END_IF  shift 255
	.  error


state 236
	BloqueIF : IF Condicion CuerpoIF ELSE SentenciaEjecutable error . END_IF  (71)

	END_IF  shift 256
	.  error


state 237
	BloqueIF : IF Condicion CuerpoIF ELSE SentenciaEjecutable ',' . END_IF  (64)
	BloqueIF : IF Condicion CuerpoIF ELSE SentenciaEjecutable ',' . error  (67)

	error  shift 257
	END_IF  shift 258
	.  error


state 238
	BloqueIF : IF Condicion CuerpoIF ELSE CuerpoIF error .  (60)

	.  reduce 60


state 239
	BloqueIF : IF Condicion CuerpoIF ELSE CuerpoIF END_IF .  (58)

	.  reduce 58


state 240
	Funcion : VOID error Parametro '{' ListSentenciasFuncion '}' .  (95)

	.  reduce 95


state 241
	CuerpoIF : '{' SentenciasIF RETURN error '}' .  (75)

	.  reduce 75


state 242
	CuerpoIF : '{' SentenciasIF RETURN ',' '}' .  (74)

	.  reduce 74


state 243
	FuncionIMPL : IMPL FOR ID ':' error Funcion . '}'  (140)
	FuncionIMPL : IMPL FOR ID ':' error Funcion . '}'  (141)

	'}'  shift 259
	.  error


state 244
	Funcion : EncabezadoFuncion . Parametro '{' ListSentenciasFuncion '}' RETURN ','  (92)
	Funcion : EncabezadoFuncion . Parametro '{' ListSentenciasFuncion RETURN ',' '}'  (93)
	Funcion : EncabezadoFuncion . Parametro '{' ListSentenciasFuncion '}'  (94)
	Funcion : EncabezadoFuncion . Parametro '{' '}'  (96)

	error  shift 81
	'('  shift 82
	.  error

	Parametro  goto 260


state 245
	FuncionIMPL : IMPL FOR ID ':' '{' Funcion . '}'  (139)
	FuncionIMPL : IMPL FOR ID ':' '{' Funcion . error  (142)

	error  shift 261
	'}'  shift 262
	.  error


state 246
	Sentencia : RETURN ',' .  (9)
	Funcion : EncabezadoFuncion Parametro '{' ListSentenciasFuncion RETURN ',' . '}'  (93)

	'}'  shift 263
	','  reduce 9


state 247
	Funcion : EncabezadoFuncion Parametro '{' ListSentenciasFuncion '}' RETURN . ','  (92)

	','  shift 264
	.  error


state 248
	ListSentenciasFuncion : ListSentenciasFuncion Sentencia ',' .  (104)

	.  reduce 104


state 249
	BloqueIF : IF Condicion SentenciaEjecutable error ELSE CuerpoIF END_IF .  (70)

	.  reduce 70


state 250
	BloqueIF : IF Condicion SentenciaEjecutable ',' error SentenciaEjecutable END_IF .  (69)

	.  reduce 69


state 251
	BloqueIF : IF Condicion SentenciaEjecutable ',' error CuerpoIF END_IF .  (68)

	.  reduce 68


state 252
	BloqueIF : IF Condicion SentenciaEjecutable ',' ELSE SentenciaEjecutable error .  (66)

	.  reduce 66


state 253
	BloqueIF : IF Condicion SentenciaEjecutable ',' ELSE SentenciaEjecutable ',' . END_IF  (63)

	END_IF  shift 265
	.  error


state 254
	BloqueIF : IF Condicion SentenciaEjecutable ',' ELSE CuerpoIF error .  (65)

	.  reduce 65


state 255
	BloqueIF : IF Condicion SentenciaEjecutable ',' ELSE CuerpoIF END_IF .  (62)

	.  reduce 62


state 256
	BloqueIF : IF Condicion CuerpoIF ELSE SentenciaEjecutable error END_IF .  (71)

	.  reduce 71


state 257
	BloqueIF : IF Condicion CuerpoIF ELSE SentenciaEjecutable ',' error .  (67)

	.  reduce 67


state 258
	BloqueIF : IF Condicion CuerpoIF ELSE SentenciaEjecutable ',' END_IF .  (64)

	.  reduce 64


259: reduce/reduce conflict (reduce 140, reduce 141) on error
259: reduce/reduce conflict (reduce 140, reduce 141) on ','
state 259
	FuncionIMPL : IMPL FOR ID ':' error Funcion '}' .  (140)
	FuncionIMPL : IMPL FOR ID ':' error Funcion '}' .  (141)

	.  reduce 140


state 260
	Funcion : EncabezadoFuncion Parametro . '{' ListSentenciasFuncion '}' RETURN ','  (92)
	Funcion : EncabezadoFuncion Parametro . '{' ListSentenciasFuncion RETURN ',' '}'  (93)
	Funcion : EncabezadoFuncion Parametro . '{' ListSentenciasFuncion '}'  (94)
	Funcion : EncabezadoFuncion Parametro . '{' '}'  (96)

	'{'  shift 131
	.  error


state 261
	FuncionIMPL : IMPL FOR ID ':' '{' Funcion error .  (142)

	.  reduce 142


state 262
	FuncionIMPL : IMPL FOR ID ':' '{' Funcion '}' .  (139)

	.  reduce 139


state 263
	Funcion : EncabezadoFuncion Parametro '{' ListSentenciasFuncion RETURN ',' '}' .  (93)

	.  reduce 93


state 264
	Funcion : EncabezadoFuncion Parametro '{' ListSentenciasFuncion '}' RETURN ',' .  (92)

	.  reduce 92


state 265
	BloqueIF : IF Condicion SentenciaEjecutable ',' ELSE SentenciaEjecutable ',' END_IF .  (63)

	.  reduce 63


Rules never reduced:
	FuncionIMPL : IMPL FOR ID ':' error Funcion '}'  (141)


State 259 contains 2 reduce/reduce conflicts.


43 terminals, 41 nonterminals
143 grammar rules, 266 states
