   0  $accept : Programa $end

   1  Programa : '{' ListSentencias '}'
   2           | error ListSentencias '}'

   3  ListSentencias : ListSentencias Sentencia ','
   4                 | Sentencia ','

   5  Sentencia : SentenciaControl
   6            | SentenciaEjecutable
   7            | SentenciaDeclarativa
   8            | RETURN error

   9  ReferenciaObjeto : ID '.' ID

  10  ReferenciaObjetoFuncion : ID '.' LlamadoFuncion

  11  SentenciaEjecutable : Asignacion
  12                      | LlamadoFuncion
  13                      | BloqueIF
  14                      | SalidaMensaje
  15                      | ReferenciaObjetoFuncion

  16  SentenciaDeclarativa : Tipo ListVariables
  17                       | Funcion
  18                       | error ListVariables
  19                       | Tipo error
  20                       | HerenciaComposicion
  21                       | Objeto_clase
  22                       | FuncionIMPL

  23  ListVariables : ID
  24                | ListVariables ';' ID

  25  Objeto_clase : ID ListVariables

  26  Tipo : USHORT
  27       | INT
  28       | DOUBLE

  29  Constante : ENTERO
  30            | ENTEROCORTO
  31            | '-' ENTEROCORTO
  32            | PUNTOFLOTANTE
  33            | '-' ENTERO
  34            | '-' PUNTOFLOTANTE

  35  Expresion : Expresion '+' Termino
  36            | Expresion '-' Termino
  37            | Termino
  38            | ConversionExplicita

  39  Termino : Termino '*' Factor
  40          | Termino '/' Factor
  41          | Factor
  42          | Termino '*' Factor_RefObjeto
  43          | Termino '/' Factor_RefObjeto
  44          | Factor_RefObjeto

  45  Factor : ID
  46         | Constante

  47  Factor_RefObjeto : ReferenciaObjeto

  48  Condicion : '(' Expresion Comparador Expresion ')'
  49            | '(' Expresion Comparador Expresion error
  50            | error Expresion Comparador Expresion ')'

  51  BloqueIF : IF Condicion CuerpoIF ELSE CuerpoIF END_IF
  52           | IF Condicion CuerpoIF END_IF
  53           | IF Condicion CuerpoIF ELSE CuerpoIF error
  54           | IF Condicion CuerpoIF error
  55           | IF Condicion SentenciaEjecutable ',' ELSE CuerpoIF END_IF
  56           | IF Condicion SentenciaEjecutable ',' ELSE SentenciaEjecutable ',' END_IF
  57           | IF Condicion CuerpoIF ELSE SentenciaEjecutable ',' END_IF
  58           | IF Condicion SentenciaEjecutable ',' ELSE CuerpoIF error
  59           | IF Condicion SentenciaEjecutable ',' ELSE SentenciaEjecutable error
  60           | IF Condicion CuerpoIF ELSE SentenciaEjecutable ',' error
  61           | IF Condicion SentenciaEjecutable ',' error CuerpoIF END_IF
  62           | IF Condicion SentenciaEjecutable ',' error SentenciaEjecutable END_IF
  63           | IF Condicion SentenciaEjecutable error ELSE CuerpoIF END_IF
  64           | IF Condicion CuerpoIF ELSE SentenciaEjecutable error END_IF
  65           | IF Condicion SentenciaEjecutable error END_IF

  66  CuerpoIF : '{' SentenciasIF '}'
  67           | RETURN ','
  68           | RETURN error
  69           | '{' SentenciasIF RETURN ',' '}'
  70           | '{' SentenciasIF RETURN error '}'
  71           | error SentenciasIF '}'
  72           | '{' SentenciasIF error
  73           | '{' '}'

  74  SentenciasIF : ListaSentenciasIF

  75  ListaSentenciasIF : error
  76                    | SentenciaEjecutable ','
  77                    | SentenciaEjecutable error
  78                    | ListaSentenciasIF SentenciaEjecutable ','

  79  Comparador : '<'
  80             | '>'
  81             | MAYORIGUAL
  82             | MENORIGUAL
  83             | IGUAL
  84             | DIST

  85  ListFuncion : Funcion
  86              | FuncionSinCuerpo

  87  Funcion : EncabezadoFuncion Parametro '{' ListSentenciasFuncion '}'
  88          | VOID error Parametro '{' ListSentenciasFuncion '}'

  89  EncabezadoFuncion : VOID ID

  90  Parametro : '(' Tipo ID ')'
  91            | '(' Tipo ID error
  92            | error Tipo ID ')'
  93            | '(' ')'
  94            | '(' error
  95            | error ')'

  96  ListSentenciasFuncion : ListSentenciasFuncion SentenciaDeclarativa ','
  97                        | ListSentenciasFuncion SentenciaEjecutable ','
  98                        | SentenciaEjecutable ','
  99                        | SentenciaDeclarativa ','
 100                        | RETURN ','
 101                        | ListSentenciasFuncion RETURN ','
 102                        | SentenciaEjecutable error
 103                        | SentenciaDeclarativa error
 104                        | RETURN error

 105  LlamadoFuncion : ID '(' ')'
 106                 | ID error ')'
 107                 | ID '(' error
 108                 | ID LlamadoExpresion

 109  SalidaMensaje : PRINT CADENA
 110                | PRINT Factor
 111                | PRINT error

 112  OperadorAsignacion : '='
 113                     | ASIG

 114  Asignacion : Factor OperadorAsignacion Expresion
 115             | ReferenciaObjeto OperadorAsignacion ReferenciaObjeto
 116             | ReferenciaObjeto OperadorAsignacion Factor
 117             | ReferenciaObjeto OperadorAsignacion error
 118             | Factor OperadorAsignacion error
 119             | OperadorAsignacion Factor

 120  SentenciaControl : DO CuerpoIF UNTIL Condicion
 121                   | DO CuerpoIF UNTIL error

 122  LlamadoExpresion : '(' Expresion ')'
 123                   | error Expresion ')'
 124                   | '(' Expresion error

 125  ConversionExplicita : TOD LlamadoExpresion
 126                      | TOD '(' ')'

 127  ListHerencia : '{' SentenciaListHerencia '}'

 128  SentenciaListHerencia : Tipo ListVariables ','
 129                        | SentenciaListHerencia Tipo ListVariables ','
 130                        | ListFuncion ','
 131                        | SentenciaListHerencia ListFuncion ','
 132                        | Tipo ListVariables error
 133                        | SentenciaListHerencia error Tipo ListVariables
 134                        | ListFuncion error
 135                        | SentenciaListHerencia error ListFuncion

 136  HerenciaComposicion : CLASS ID ListHerencia

 137  FuncionSinCuerpo : EncabezadoFuncion Parametro

 138  FuncionIMPL : IMPL FOR ID ':' '{' Funcion '}'
 139              | IMPL FOR ID ':' error Funcion '}'
 140              | IMPL FOR ID ':' '{' Funcion error

state 0
	$accept : . Programa $end  (0)

	error  shift 1
	'{'  shift 2
	.  error

	Programa  goto 3


state 1
	Programa : error . ListSentencias '}'  (2)

	error  shift 4
	IF  shift 5
	PRINT  shift 6
	CLASS  shift 7
	VOID  shift 8
	DO  shift 9
	IMPL  shift 10
	INT  shift 11
	USHORT  shift 12
	DOUBLE  shift 13
	ID  shift 14
	ASIG  shift 15
	RETURN  shift 16
	ENTERO  shift 17
	ENTEROCORTO  shift 18
	PUNTOFLOTANTE  shift 19
	'-'  shift 20
	'='  shift 21
	.  error

	ListSentencias  goto 22
	Sentencia  goto 23
	SentenciaControl  goto 24
	SentenciaEjecutable  goto 25
	SentenciaDeclarativa  goto 26
	ReferenciaObjeto  goto 27
	ReferenciaObjetoFuncion  goto 28
	LlamadoFuncion  goto 29
	Asignacion  goto 30
	BloqueIF  goto 31
	SalidaMensaje  goto 32
	Tipo  goto 33
	Funcion  goto 34
	HerenciaComposicion  goto 35
	Objeto_clase  goto 36
	FuncionIMPL  goto 37
	Constante  goto 38
	Factor  goto 39
	EncabezadoFuncion  goto 40
	OperadorAsignacion  goto 41


state 2
	Programa : '{' . ListSentencias '}'  (1)

	error  shift 4
	IF  shift 5
	PRINT  shift 6
	CLASS  shift 7
	VOID  shift 8
	DO  shift 9
	IMPL  shift 10
	INT  shift 11
	USHORT  shift 12
	DOUBLE  shift 13
	ID  shift 14
	ASIG  shift 15
	RETURN  shift 16
	ENTERO  shift 17
	ENTEROCORTO  shift 18
	PUNTOFLOTANTE  shift 19
	'-'  shift 20
	'='  shift 21
	.  error

	ListSentencias  goto 42
	Sentencia  goto 23
	SentenciaControl  goto 24
	SentenciaEjecutable  goto 25
	SentenciaDeclarativa  goto 26
	ReferenciaObjeto  goto 27
	ReferenciaObjetoFuncion  goto 28
	LlamadoFuncion  goto 29
	Asignacion  goto 30
	BloqueIF  goto 31
	SalidaMensaje  goto 32
	Tipo  goto 33
	Funcion  goto 34
	HerenciaComposicion  goto 35
	Objeto_clase  goto 36
	FuncionIMPL  goto 37
	Constante  goto 38
	Factor  goto 39
	EncabezadoFuncion  goto 40
	OperadorAsignacion  goto 41


state 3
	$accept : Programa . $end  (0)

	$end  accept


state 4
	SentenciaDeclarativa : error . ListVariables  (18)

	ID  shift 43
	.  error

	ListVariables  goto 44


state 5
	BloqueIF : IF . Condicion CuerpoIF ELSE CuerpoIF END_IF  (51)
	BloqueIF : IF . Condicion CuerpoIF END_IF  (52)
	BloqueIF : IF . Condicion CuerpoIF ELSE CuerpoIF error  (53)
	BloqueIF : IF . Condicion CuerpoIF error  (54)
	BloqueIF : IF . Condicion SentenciaEjecutable ',' ELSE CuerpoIF END_IF  (55)
	BloqueIF : IF . Condicion SentenciaEjecutable ',' ELSE SentenciaEjecutable ',' END_IF  (56)
	BloqueIF : IF . Condicion CuerpoIF ELSE SentenciaEjecutable ',' END_IF  (57)
	BloqueIF : IF . Condicion SentenciaEjecutable ',' ELSE CuerpoIF error  (58)
	BloqueIF : IF . Condicion SentenciaEjecutable ',' ELSE SentenciaEjecutable error  (59)
	BloqueIF : IF . Condicion CuerpoIF ELSE SentenciaEjecutable ',' error  (60)
	BloqueIF : IF . Condicion SentenciaEjecutable ',' error CuerpoIF END_IF  (61)
	BloqueIF : IF . Condicion SentenciaEjecutable ',' error SentenciaEjecutable END_IF  (62)
	BloqueIF : IF . Condicion SentenciaEjecutable error ELSE CuerpoIF END_IF  (63)
	BloqueIF : IF . Condicion CuerpoIF ELSE SentenciaEjecutable error END_IF  (64)
	BloqueIF : IF . Condicion SentenciaEjecutable error END_IF  (65)

	error  shift 45
	'('  shift 46
	.  error

	Condicion  goto 47


state 6
	SalidaMensaje : PRINT . CADENA  (109)
	SalidaMensaje : PRINT . Factor  (110)
	SalidaMensaje : PRINT . error  (111)

	error  shift 48
	ID  shift 49
	CADENA  shift 50
	ENTERO  shift 17
	ENTEROCORTO  shift 18
	PUNTOFLOTANTE  shift 19
	'-'  shift 20
	.  error

	Constante  goto 38
	Factor  goto 51


state 7
	HerenciaComposicion : CLASS . ID ListHerencia  (136)

	ID  shift 52
	.  error


state 8
	Funcion : VOID . error Parametro '{' ListSentenciasFuncion '}'  (88)
	EncabezadoFuncion : VOID . ID  (89)

	error  shift 53
	ID  shift 54
	.  error


state 9
	SentenciaControl : DO . CuerpoIF UNTIL Condicion  (120)
	SentenciaControl : DO . CuerpoIF UNTIL error  (121)

	error  shift 55
	RETURN  shift 56
	'{'  shift 57
	.  error

	CuerpoIF  goto 58


state 10
	FuncionIMPL : IMPL . FOR ID ':' '{' Funcion '}'  (138)
	FuncionIMPL : IMPL . FOR ID ':' error Funcion '}'  (139)
	FuncionIMPL : IMPL . FOR ID ':' '{' Funcion error  (140)

	FOR  shift 59
	.  error


state 11
	Tipo : INT .  (27)

	.  reduce 27


state 12
	Tipo : USHORT .  (26)

	.  reduce 26


state 13
	Tipo : DOUBLE .  (28)

	.  reduce 28


state 14
	ReferenciaObjeto : ID . '.' ID  (9)
	ReferenciaObjetoFuncion : ID . '.' LlamadoFuncion  (10)
	Objeto_clase : ID . ListVariables  (25)
	Factor : ID .  (45)
	LlamadoFuncion : ID . '(' ')'  (105)
	LlamadoFuncion : ID . error ')'  (106)
	LlamadoFuncion : ID . '(' error  (107)
	LlamadoFuncion : ID . LlamadoExpresion  (108)

	error  shift 60
	ID  shift 43
	'.'  shift 61
	'('  shift 62
	ASIG  reduce 45
	'='  reduce 45

	ListVariables  goto 63
	LlamadoExpresion  goto 64


state 15
	OperadorAsignacion : ASIG .  (113)

	.  reduce 113


state 16
	Sentencia : RETURN . error  (8)

	error  shift 65
	.  error


state 17
	Constante : ENTERO .  (29)

	.  reduce 29


state 18
	Constante : ENTEROCORTO .  (30)

	.  reduce 30


state 19
	Constante : PUNTOFLOTANTE .  (32)

	.  reduce 32


state 20
	Constante : '-' . ENTEROCORTO  (31)
	Constante : '-' . ENTERO  (33)
	Constante : '-' . PUNTOFLOTANTE  (34)

	ENTERO  shift 66
	ENTEROCORTO  shift 67
	PUNTOFLOTANTE  shift 68
	.  error


state 21
	OperadorAsignacion : '=' .  (112)

	.  reduce 112


state 22
	Programa : error ListSentencias . '}'  (2)
	ListSentencias : ListSentencias . Sentencia ','  (3)

	error  shift 4
	IF  shift 5
	PRINT  shift 6
	CLASS  shift 7
	VOID  shift 8
	DO  shift 9
	IMPL  shift 10
	INT  shift 11
	USHORT  shift 12
	DOUBLE  shift 13
	ID  shift 14
	ASIG  shift 15
	RETURN  shift 16
	ENTERO  shift 17
	ENTEROCORTO  shift 18
	PUNTOFLOTANTE  shift 19
	'}'  shift 69
	'-'  shift 20
	'='  shift 21
	.  error

	Sentencia  goto 70
	SentenciaControl  goto 24
	SentenciaEjecutable  goto 25
	SentenciaDeclarativa  goto 26
	ReferenciaObjeto  goto 27
	ReferenciaObjetoFuncion  goto 28
	LlamadoFuncion  goto 29
	Asignacion  goto 30
	BloqueIF  goto 31
	SalidaMensaje  goto 32
	Tipo  goto 33
	Funcion  goto 34
	HerenciaComposicion  goto 35
	Objeto_clase  goto 36
	FuncionIMPL  goto 37
	Constante  goto 38
	Factor  goto 39
	EncabezadoFuncion  goto 40
	OperadorAsignacion  goto 41


state 23
	ListSentencias : Sentencia . ','  (4)

	','  shift 71
	.  error


state 24
	Sentencia : SentenciaControl .  (5)

	.  reduce 5


state 25
	Sentencia : SentenciaEjecutable .  (6)

	.  reduce 6


state 26
	Sentencia : SentenciaDeclarativa .  (7)

	.  reduce 7


state 27
	Asignacion : ReferenciaObjeto . OperadorAsignacion ReferenciaObjeto  (115)
	Asignacion : ReferenciaObjeto . OperadorAsignacion Factor  (116)
	Asignacion : ReferenciaObjeto . OperadorAsignacion error  (117)

	ASIG  shift 15
	'='  shift 21
	.  error

	OperadorAsignacion  goto 72


state 28
	SentenciaEjecutable : ReferenciaObjetoFuncion .  (15)

	.  reduce 15


state 29
	SentenciaEjecutable : LlamadoFuncion .  (12)

	.  reduce 12


state 30
	SentenciaEjecutable : Asignacion .  (11)

	.  reduce 11


state 31
	SentenciaEjecutable : BloqueIF .  (13)

	.  reduce 13


state 32
	SentenciaEjecutable : SalidaMensaje .  (14)

	.  reduce 14


state 33
	SentenciaDeclarativa : Tipo . ListVariables  (16)
	SentenciaDeclarativa : Tipo . error  (19)

	error  shift 73
	ID  shift 43
	.  error

	ListVariables  goto 74


state 34
	SentenciaDeclarativa : Funcion .  (17)

	.  reduce 17


state 35
	SentenciaDeclarativa : HerenciaComposicion .  (20)

	.  reduce 20


state 36
	SentenciaDeclarativa : Objeto_clase .  (21)

	.  reduce 21


state 37
	SentenciaDeclarativa : FuncionIMPL .  (22)

	.  reduce 22


state 38
	Factor : Constante .  (46)

	.  reduce 46


state 39
	Asignacion : Factor . OperadorAsignacion Expresion  (114)
	Asignacion : Factor . OperadorAsignacion error  (118)

	ASIG  shift 15
	'='  shift 21
	.  error

	OperadorAsignacion  goto 75


state 40
	Funcion : EncabezadoFuncion . Parametro '{' ListSentenciasFuncion '}'  (87)

	error  shift 76
	'('  shift 77
	.  error

	Parametro  goto 78


state 41
	Asignacion : OperadorAsignacion . Factor  (119)

	ID  shift 49
	ENTERO  shift 17
	ENTEROCORTO  shift 18
	PUNTOFLOTANTE  shift 19
	'-'  shift 20
	.  error

	Constante  goto 38
	Factor  goto 79


state 42
	Programa : '{' ListSentencias . '}'  (1)
	ListSentencias : ListSentencias . Sentencia ','  (3)

	error  shift 4
	IF  shift 5
	PRINT  shift 6
	CLASS  shift 7
	VOID  shift 8
	DO  shift 9
	IMPL  shift 10
	INT  shift 11
	USHORT  shift 12
	DOUBLE  shift 13
	ID  shift 14
	ASIG  shift 15
	RETURN  shift 16
	ENTERO  shift 17
	ENTEROCORTO  shift 18
	PUNTOFLOTANTE  shift 19
	'}'  shift 80
	'-'  shift 20
	'='  shift 21
	.  error

	Sentencia  goto 70
	SentenciaControl  goto 24
	SentenciaEjecutable  goto 25
	SentenciaDeclarativa  goto 26
	ReferenciaObjeto  goto 27
	ReferenciaObjetoFuncion  goto 28
	LlamadoFuncion  goto 29
	Asignacion  goto 30
	BloqueIF  goto 31
	SalidaMensaje  goto 32
	Tipo  goto 33
	Funcion  goto 34
	HerenciaComposicion  goto 35
	Objeto_clase  goto 36
	FuncionIMPL  goto 37
	Constante  goto 38
	Factor  goto 39
	EncabezadoFuncion  goto 40
	OperadorAsignacion  goto 41


state 43
	ListVariables : ID .  (23)

	.  reduce 23


state 44
	SentenciaDeclarativa : error ListVariables .  (18)
	ListVariables : ListVariables . ';' ID  (24)

	';'  shift 81
	error  reduce 18
	','  reduce 18


state 45
	Condicion : error . Expresion Comparador Expresion ')'  (50)

	ID  shift 82
	TOD  shift 83
	ENTERO  shift 17
	ENTEROCORTO  shift 18
	PUNTOFLOTANTE  shift 19
	'-'  shift 20
	.  error

	ReferenciaObjeto  goto 84
	Constante  goto 38
	Expresion  goto 85
	Termino  goto 86
	ConversionExplicita  goto 87
	Factor  goto 88
	Factor_RefObjeto  goto 89


state 46
	Condicion : '(' . Expresion Comparador Expresion ')'  (48)
	Condicion : '(' . Expresion Comparador Expresion error  (49)

	ID  shift 82
	TOD  shift 83
	ENTERO  shift 17
	ENTEROCORTO  shift 18
	PUNTOFLOTANTE  shift 19
	'-'  shift 20
	.  error

	ReferenciaObjeto  goto 84
	Constante  goto 38
	Expresion  goto 90
	Termino  goto 86
	ConversionExplicita  goto 87
	Factor  goto 88
	Factor_RefObjeto  goto 89


state 47
	BloqueIF : IF Condicion . CuerpoIF ELSE CuerpoIF END_IF  (51)
	BloqueIF : IF Condicion . CuerpoIF END_IF  (52)
	BloqueIF : IF Condicion . CuerpoIF ELSE CuerpoIF error  (53)
	BloqueIF : IF Condicion . CuerpoIF error  (54)
	BloqueIF : IF Condicion . SentenciaEjecutable ',' ELSE CuerpoIF END_IF  (55)
	BloqueIF : IF Condicion . SentenciaEjecutable ',' ELSE SentenciaEjecutable ',' END_IF  (56)
	BloqueIF : IF Condicion . CuerpoIF ELSE SentenciaEjecutable ',' END_IF  (57)
	BloqueIF : IF Condicion . SentenciaEjecutable ',' ELSE CuerpoIF error  (58)
	BloqueIF : IF Condicion . SentenciaEjecutable ',' ELSE SentenciaEjecutable error  (59)
	BloqueIF : IF Condicion . CuerpoIF ELSE SentenciaEjecutable ',' error  (60)
	BloqueIF : IF Condicion . SentenciaEjecutable ',' error CuerpoIF END_IF  (61)
	BloqueIF : IF Condicion . SentenciaEjecutable ',' error SentenciaEjecutable END_IF  (62)
	BloqueIF : IF Condicion . SentenciaEjecutable error ELSE CuerpoIF END_IF  (63)
	BloqueIF : IF Condicion . CuerpoIF ELSE SentenciaEjecutable error END_IF  (64)
	BloqueIF : IF Condicion . SentenciaEjecutable error END_IF  (65)

	error  shift 55
	IF  shift 5
	PRINT  shift 6
	ID  shift 91
	ASIG  shift 15
	RETURN  shift 56
	ENTERO  shift 17
	ENTEROCORTO  shift 18
	PUNTOFLOTANTE  shift 19
	'{'  shift 57
	'-'  shift 20
	'='  shift 21
	.  error

	SentenciaEjecutable  goto 92
	ReferenciaObjeto  goto 27
	ReferenciaObjetoFuncion  goto 28
	LlamadoFuncion  goto 29
	Asignacion  goto 30
	BloqueIF  goto 31
	SalidaMensaje  goto 32
	Constante  goto 38
	Factor  goto 39
	CuerpoIF  goto 93
	OperadorAsignacion  goto 41


state 48
	SalidaMensaje : PRINT error .  (111)

	.  reduce 111


state 49
	Factor : ID .  (45)

	.  reduce 45


state 50
	SalidaMensaje : PRINT CADENA .  (109)

	.  reduce 109


state 51
	SalidaMensaje : PRINT Factor .  (110)

	.  reduce 110


state 52
	HerenciaComposicion : CLASS ID . ListHerencia  (136)

	'{'  shift 94
	.  error

	ListHerencia  goto 95


state 53
	Funcion : VOID error . Parametro '{' ListSentenciasFuncion '}'  (88)

	error  shift 76
	'('  shift 77
	.  error

	Parametro  goto 96


state 54
	EncabezadoFuncion : VOID ID .  (89)

	.  reduce 89


state 55
	CuerpoIF : error . SentenciasIF '}'  (71)

	error  shift 97
	IF  shift 5
	PRINT  shift 6
	ID  shift 91
	ASIG  shift 15
	ENTERO  shift 17
	ENTEROCORTO  shift 18
	PUNTOFLOTANTE  shift 19
	'-'  shift 20
	'='  shift 21
	.  error

	SentenciaEjecutable  goto 98
	ReferenciaObjeto  goto 27
	ReferenciaObjetoFuncion  goto 28
	LlamadoFuncion  goto 29
	Asignacion  goto 30
	BloqueIF  goto 31
	SalidaMensaje  goto 32
	Constante  goto 38
	Factor  goto 39
	SentenciasIF  goto 99
	ListaSentenciasIF  goto 100
	OperadorAsignacion  goto 41


state 56
	CuerpoIF : RETURN . ','  (67)
	CuerpoIF : RETURN . error  (68)

	error  shift 101
	','  shift 102
	.  error


state 57
	CuerpoIF : '{' . SentenciasIF '}'  (66)
	CuerpoIF : '{' . SentenciasIF RETURN ',' '}'  (69)
	CuerpoIF : '{' . SentenciasIF RETURN error '}'  (70)
	CuerpoIF : '{' . SentenciasIF error  (72)
	CuerpoIF : '{' . '}'  (73)

	error  shift 97
	IF  shift 5
	PRINT  shift 6
	ID  shift 91
	ASIG  shift 15
	ENTERO  shift 17
	ENTEROCORTO  shift 18
	PUNTOFLOTANTE  shift 19
	'}'  shift 103
	'-'  shift 20
	'='  shift 21
	.  error

	SentenciaEjecutable  goto 98
	ReferenciaObjeto  goto 27
	ReferenciaObjetoFuncion  goto 28
	LlamadoFuncion  goto 29
	Asignacion  goto 30
	BloqueIF  goto 31
	SalidaMensaje  goto 32
	Constante  goto 38
	Factor  goto 39
	SentenciasIF  goto 104
	ListaSentenciasIF  goto 100
	OperadorAsignacion  goto 41


state 58
	SentenciaControl : DO CuerpoIF . UNTIL Condicion  (120)
	SentenciaControl : DO CuerpoIF . UNTIL error  (121)

	UNTIL  shift 105
	.  error


state 59
	FuncionIMPL : IMPL FOR . ID ':' '{' Funcion '}'  (138)
	FuncionIMPL : IMPL FOR . ID ':' error Funcion '}'  (139)
	FuncionIMPL : IMPL FOR . ID ':' '{' Funcion error  (140)

	ID  shift 106
	.  error


state 60
	LlamadoFuncion : ID error . ')'  (106)
	LlamadoExpresion : error . Expresion ')'  (123)

	ID  shift 82
	TOD  shift 83
	ENTERO  shift 17
	ENTEROCORTO  shift 18
	PUNTOFLOTANTE  shift 19
	'-'  shift 20
	')'  shift 107
	.  error

	ReferenciaObjeto  goto 84
	Constante  goto 38
	Expresion  goto 108
	Termino  goto 86
	ConversionExplicita  goto 87
	Factor  goto 88
	Factor_RefObjeto  goto 89


state 61
	ReferenciaObjeto : ID '.' . ID  (9)
	ReferenciaObjetoFuncion : ID '.' . LlamadoFuncion  (10)

	ID  shift 109
	.  error

	LlamadoFuncion  goto 110


state 62
	LlamadoFuncion : ID '(' . ')'  (105)
	LlamadoFuncion : ID '(' . error  (107)
	LlamadoExpresion : '(' . Expresion ')'  (122)
	LlamadoExpresion : '(' . Expresion error  (124)

	error  shift 111
	ID  shift 82
	TOD  shift 83
	ENTERO  shift 17
	ENTEROCORTO  shift 18
	PUNTOFLOTANTE  shift 19
	'-'  shift 20
	')'  shift 112
	.  error

	ReferenciaObjeto  goto 84
	Constante  goto 38
	Expresion  goto 113
	Termino  goto 86
	ConversionExplicita  goto 87
	Factor  goto 88
	Factor_RefObjeto  goto 89


state 63
	ListVariables : ListVariables . ';' ID  (24)
	Objeto_clase : ID ListVariables .  (25)

	';'  shift 81
	error  reduce 25
	','  reduce 25


state 64
	LlamadoFuncion : ID LlamadoExpresion .  (108)

	.  reduce 108


state 65
	Sentencia : RETURN error .  (8)

	.  reduce 8


state 66
	Constante : '-' ENTERO .  (33)

	.  reduce 33


state 67
	Constante : '-' ENTEROCORTO .  (31)

	.  reduce 31


state 68
	Constante : '-' PUNTOFLOTANTE .  (34)

	.  reduce 34


state 69
	Programa : error ListSentencias '}' .  (2)

	.  reduce 2


state 70
	ListSentencias : ListSentencias Sentencia . ','  (3)

	','  shift 114
	.  error


state 71
	ListSentencias : Sentencia ',' .  (4)

	.  reduce 4


state 72
	Asignacion : ReferenciaObjeto OperadorAsignacion . ReferenciaObjeto  (115)
	Asignacion : ReferenciaObjeto OperadorAsignacion . Factor  (116)
	Asignacion : ReferenciaObjeto OperadorAsignacion . error  (117)

	error  shift 115
	ID  shift 82
	ENTERO  shift 17
	ENTEROCORTO  shift 18
	PUNTOFLOTANTE  shift 19
	'-'  shift 20
	.  error

	ReferenciaObjeto  goto 116
	Constante  goto 38
	Factor  goto 117


state 73
	SentenciaDeclarativa : Tipo error .  (19)

	.  reduce 19


state 74
	SentenciaDeclarativa : Tipo ListVariables .  (16)
	ListVariables : ListVariables . ';' ID  (24)

	';'  shift 81
	error  reduce 16
	','  reduce 16


state 75
	Asignacion : Factor OperadorAsignacion . Expresion  (114)
	Asignacion : Factor OperadorAsignacion . error  (118)

	error  shift 118
	ID  shift 82
	TOD  shift 83
	ENTERO  shift 17
	ENTEROCORTO  shift 18
	PUNTOFLOTANTE  shift 19
	'-'  shift 20
	.  error

	ReferenciaObjeto  goto 84
	Constante  goto 38
	Expresion  goto 119
	Termino  goto 86
	ConversionExplicita  goto 87
	Factor  goto 88
	Factor_RefObjeto  goto 89


state 76
	Parametro : error . Tipo ID ')'  (92)
	Parametro : error . ')'  (95)

	INT  shift 11
	USHORT  shift 12
	DOUBLE  shift 13
	')'  shift 120
	.  error

	Tipo  goto 121


state 77
	Parametro : '(' . Tipo ID ')'  (90)
	Parametro : '(' . Tipo ID error  (91)
	Parametro : '(' . ')'  (93)
	Parametro : '(' . error  (94)

	error  shift 122
	INT  shift 11
	USHORT  shift 12
	DOUBLE  shift 13
	')'  shift 123
	.  error

	Tipo  goto 124


state 78
	Funcion : EncabezadoFuncion Parametro . '{' ListSentenciasFuncion '}'  (87)

	'{'  shift 125
	.  error


state 79
	Asignacion : OperadorAsignacion Factor .  (119)

	.  reduce 119


state 80
	Programa : '{' ListSentencias '}' .  (1)

	.  reduce 1


state 81
	ListVariables : ListVariables ';' . ID  (24)

	ID  shift 126
	.  error


state 82
	ReferenciaObjeto : ID . '.' ID  (9)
	Factor : ID .  (45)

	'.'  shift 127
	error  reduce 45
	END_IF  reduce 45
	IGUAL  reduce 45
	DIST  reduce 45
	MENORIGUAL  reduce 45
	MAYORIGUAL  reduce 45
	','  reduce 45
	'-'  reduce 45
	'+'  reduce 45
	'*'  reduce 45
	'/'  reduce 45
	')'  reduce 45
	'<'  reduce 45
	'>'  reduce 45


state 83
	ConversionExplicita : TOD . LlamadoExpresion  (125)
	ConversionExplicita : TOD . '(' ')'  (126)

	error  shift 128
	'('  shift 129
	.  error

	LlamadoExpresion  goto 130


state 84
	Factor_RefObjeto : ReferenciaObjeto .  (47)

	.  reduce 47


state 85
	Expresion : Expresion . '+' Termino  (35)
	Expresion : Expresion . '-' Termino  (36)
	Condicion : error Expresion . Comparador Expresion ')'  (50)

	IGUAL  shift 131
	DIST  shift 132
	MENORIGUAL  shift 133
	MAYORIGUAL  shift 134
	'-'  shift 135
	'+'  shift 136
	'<'  shift 137
	'>'  shift 138
	.  error

	Comparador  goto 139


state 86
	Expresion : Termino .  (37)
	Termino : Termino . '*' Factor  (39)
	Termino : Termino . '/' Factor  (40)
	Termino : Termino . '*' Factor_RefObjeto  (42)
	Termino : Termino . '/' Factor_RefObjeto  (43)

	'*'  shift 140
	'/'  shift 141
	error  reduce 37
	END_IF  reduce 37
	IGUAL  reduce 37
	DIST  reduce 37
	MENORIGUAL  reduce 37
	MAYORIGUAL  reduce 37
	','  reduce 37
	'-'  reduce 37
	'+'  reduce 37
	')'  reduce 37
	'<'  reduce 37
	'>'  reduce 37


state 87
	Expresion : ConversionExplicita .  (38)

	.  reduce 38


state 88
	Termino : Factor .  (41)

	.  reduce 41


state 89
	Termino : Factor_RefObjeto .  (44)

	.  reduce 44


state 90
	Expresion : Expresion . '+' Termino  (35)
	Expresion : Expresion . '-' Termino  (36)
	Condicion : '(' Expresion . Comparador Expresion ')'  (48)
	Condicion : '(' Expresion . Comparador Expresion error  (49)

	IGUAL  shift 131
	DIST  shift 132
	MENORIGUAL  shift 133
	MAYORIGUAL  shift 134
	'-'  shift 135
	'+'  shift 136
	'<'  shift 137
	'>'  shift 138
	.  error

	Comparador  goto 142


state 91
	ReferenciaObjeto : ID . '.' ID  (9)
	ReferenciaObjetoFuncion : ID . '.' LlamadoFuncion  (10)
	Factor : ID .  (45)
	LlamadoFuncion : ID . '(' ')'  (105)
	LlamadoFuncion : ID . error ')'  (106)
	LlamadoFuncion : ID . '(' error  (107)
	LlamadoFuncion : ID . LlamadoExpresion  (108)

	error  shift 60
	'.'  shift 61
	'('  shift 62
	ASIG  reduce 45
	'='  reduce 45

	LlamadoExpresion  goto 64


state 92
	BloqueIF : IF Condicion SentenciaEjecutable . ',' ELSE CuerpoIF END_IF  (55)
	BloqueIF : IF Condicion SentenciaEjecutable . ',' ELSE SentenciaEjecutable ',' END_IF  (56)
	BloqueIF : IF Condicion SentenciaEjecutable . ',' ELSE CuerpoIF error  (58)
	BloqueIF : IF Condicion SentenciaEjecutable . ',' ELSE SentenciaEjecutable error  (59)
	BloqueIF : IF Condicion SentenciaEjecutable . ',' error CuerpoIF END_IF  (61)
	BloqueIF : IF Condicion SentenciaEjecutable . ',' error SentenciaEjecutable END_IF  (62)
	BloqueIF : IF Condicion SentenciaEjecutable . error ELSE CuerpoIF END_IF  (63)
	BloqueIF : IF Condicion SentenciaEjecutable . error END_IF  (65)

	error  shift 143
	','  shift 144
	.  error


state 93
	BloqueIF : IF Condicion CuerpoIF . ELSE CuerpoIF END_IF  (51)
	BloqueIF : IF Condicion CuerpoIF . END_IF  (52)
	BloqueIF : IF Condicion CuerpoIF . ELSE CuerpoIF error  (53)
	BloqueIF : IF Condicion CuerpoIF . error  (54)
	BloqueIF : IF Condicion CuerpoIF . ELSE SentenciaEjecutable ',' END_IF  (57)
	BloqueIF : IF Condicion CuerpoIF . ELSE SentenciaEjecutable ',' error  (60)
	BloqueIF : IF Condicion CuerpoIF . ELSE SentenciaEjecutable error END_IF  (64)

	error  shift 145
	ELSE  shift 146
	END_IF  shift 147
	.  error


state 94
	ListHerencia : '{' . SentenciaListHerencia '}'  (127)

	VOID  shift 8
	INT  shift 11
	USHORT  shift 12
	DOUBLE  shift 13
	.  error

	Tipo  goto 148
	Funcion  goto 149
	ListFuncion  goto 150
	FuncionSinCuerpo  goto 151
	EncabezadoFuncion  goto 152
	SentenciaListHerencia  goto 153


state 95
	HerenciaComposicion : CLASS ID ListHerencia .  (136)

	.  reduce 136


state 96
	Funcion : VOID error Parametro . '{' ListSentenciasFuncion '}'  (88)

	'{'  shift 154
	.  error


state 97
	ListaSentenciasIF : error .  (75)

	.  reduce 75


state 98
	ListaSentenciasIF : SentenciaEjecutable . ','  (76)
	ListaSentenciasIF : SentenciaEjecutable . error  (77)

	error  shift 155
	','  shift 156
	.  error


state 99
	CuerpoIF : error SentenciasIF . '}'  (71)

	'}'  shift 157
	.  error


state 100
	SentenciasIF : ListaSentenciasIF .  (74)
	ListaSentenciasIF : ListaSentenciasIF . SentenciaEjecutable ','  (78)

	IF  shift 5
	PRINT  shift 6
	ID  shift 91
	ASIG  shift 15
	ENTERO  shift 17
	ENTEROCORTO  shift 18
	PUNTOFLOTANTE  shift 19
	'-'  shift 20
	'='  shift 21
	error  reduce 74
	RETURN  reduce 74
	'}'  reduce 74

	SentenciaEjecutable  goto 158
	ReferenciaObjeto  goto 27
	ReferenciaObjetoFuncion  goto 28
	LlamadoFuncion  goto 29
	Asignacion  goto 30
	BloqueIF  goto 31
	SalidaMensaje  goto 32
	Constante  goto 38
	Factor  goto 39
	OperadorAsignacion  goto 41


state 101
	CuerpoIF : RETURN error .  (68)

	.  reduce 68


state 102
	CuerpoIF : RETURN ',' .  (67)

	.  reduce 67


state 103
	CuerpoIF : '{' '}' .  (73)

	.  reduce 73


state 104
	CuerpoIF : '{' SentenciasIF . '}'  (66)
	CuerpoIF : '{' SentenciasIF . RETURN ',' '}'  (69)
	CuerpoIF : '{' SentenciasIF . RETURN error '}'  (70)
	CuerpoIF : '{' SentenciasIF . error  (72)

	error  shift 159
	RETURN  shift 160
	'}'  shift 161
	.  error


state 105
	SentenciaControl : DO CuerpoIF UNTIL . Condicion  (120)
	SentenciaControl : DO CuerpoIF UNTIL . error  (121)

	error  shift 162
	'('  shift 46
	.  error

	Condicion  goto 163


state 106
	FuncionIMPL : IMPL FOR ID . ':' '{' Funcion '}'  (138)
	FuncionIMPL : IMPL FOR ID . ':' error Funcion '}'  (139)
	FuncionIMPL : IMPL FOR ID . ':' '{' Funcion error  (140)

	':'  shift 164
	.  error


state 107
	LlamadoFuncion : ID error ')' .  (106)

	.  reduce 106


state 108
	Expresion : Expresion . '+' Termino  (35)
	Expresion : Expresion . '-' Termino  (36)
	LlamadoExpresion : error Expresion . ')'  (123)

	'-'  shift 135
	'+'  shift 136
	')'  shift 165
	.  error


state 109
	ReferenciaObjeto : ID '.' ID .  (9)
	LlamadoFuncion : ID . '(' ')'  (105)
	LlamadoFuncion : ID . error ')'  (106)
	LlamadoFuncion : ID . '(' error  (107)
	LlamadoFuncion : ID . LlamadoExpresion  (108)

	error  shift 60
	'('  shift 62
	ASIG  reduce 9
	'='  reduce 9

	LlamadoExpresion  goto 64


state 110
	ReferenciaObjetoFuncion : ID '.' LlamadoFuncion .  (10)

	.  reduce 10


state 111
	LlamadoFuncion : ID '(' error .  (107)

	.  reduce 107


state 112
	LlamadoFuncion : ID '(' ')' .  (105)

	.  reduce 105


state 113
	Expresion : Expresion . '+' Termino  (35)
	Expresion : Expresion . '-' Termino  (36)
	LlamadoExpresion : '(' Expresion . ')'  (122)
	LlamadoExpresion : '(' Expresion . error  (124)

	error  shift 166
	'-'  shift 135
	'+'  shift 136
	')'  shift 167
	.  error


state 114
	ListSentencias : ListSentencias Sentencia ',' .  (3)

	.  reduce 3


state 115
	Asignacion : ReferenciaObjeto OperadorAsignacion error .  (117)

	.  reduce 117


state 116
	Asignacion : ReferenciaObjeto OperadorAsignacion ReferenciaObjeto .  (115)

	.  reduce 115


state 117
	Asignacion : ReferenciaObjeto OperadorAsignacion Factor .  (116)

	.  reduce 116


state 118
	Asignacion : Factor OperadorAsignacion error .  (118)

	.  reduce 118


state 119
	Expresion : Expresion . '+' Termino  (35)
	Expresion : Expresion . '-' Termino  (36)
	Asignacion : Factor OperadorAsignacion Expresion .  (114)

	'-'  shift 135
	'+'  shift 136
	error  reduce 114
	END_IF  reduce 114
	','  reduce 114


state 120
	Parametro : error ')' .  (95)

	.  reduce 95


state 121
	Parametro : error Tipo . ID ')'  (92)

	ID  shift 168
	.  error


state 122
	Parametro : '(' error .  (94)

	.  reduce 94


state 123
	Parametro : '(' ')' .  (93)

	.  reduce 93


state 124
	Parametro : '(' Tipo . ID ')'  (90)
	Parametro : '(' Tipo . ID error  (91)

	ID  shift 169
	.  error


state 125
	Funcion : EncabezadoFuncion Parametro '{' . ListSentenciasFuncion '}'  (87)

	error  shift 4
	IF  shift 5
	PRINT  shift 6
	CLASS  shift 7
	VOID  shift 8
	IMPL  shift 10
	INT  shift 11
	USHORT  shift 12
	DOUBLE  shift 13
	ID  shift 14
	ASIG  shift 15
	RETURN  shift 170
	ENTERO  shift 17
	ENTEROCORTO  shift 18
	PUNTOFLOTANTE  shift 19
	'-'  shift 20
	'='  shift 21
	.  error

	SentenciaEjecutable  goto 171
	SentenciaDeclarativa  goto 172
	ReferenciaObjeto  goto 27
	ReferenciaObjetoFuncion  goto 28
	LlamadoFuncion  goto 29
	Asignacion  goto 30
	BloqueIF  goto 31
	SalidaMensaje  goto 32
	Tipo  goto 33
	Funcion  goto 34
	HerenciaComposicion  goto 35
	Objeto_clase  goto 36
	FuncionIMPL  goto 37
	Constante  goto 38
	Factor  goto 39
	EncabezadoFuncion  goto 40
	ListSentenciasFuncion  goto 173
	OperadorAsignacion  goto 41


state 126
	ListVariables : ListVariables ';' ID .  (24)

	.  reduce 24


state 127
	ReferenciaObjeto : ID '.' . ID  (9)

	ID  shift 174
	.  error


state 128
	LlamadoExpresion : error . Expresion ')'  (123)

	ID  shift 82
	TOD  shift 83
	ENTERO  shift 17
	ENTEROCORTO  shift 18
	PUNTOFLOTANTE  shift 19
	'-'  shift 20
	.  error

	ReferenciaObjeto  goto 84
	Constante  goto 38
	Expresion  goto 108
	Termino  goto 86
	ConversionExplicita  goto 87
	Factor  goto 88
	Factor_RefObjeto  goto 89


state 129
	LlamadoExpresion : '(' . Expresion ')'  (122)
	LlamadoExpresion : '(' . Expresion error  (124)
	ConversionExplicita : TOD '(' . ')'  (126)

	ID  shift 82
	TOD  shift 83
	ENTERO  shift 17
	ENTEROCORTO  shift 18
	PUNTOFLOTANTE  shift 19
	'-'  shift 20
	')'  shift 175
	.  error

	ReferenciaObjeto  goto 84
	Constante  goto 38
	Expresion  goto 113
	Termino  goto 86
	ConversionExplicita  goto 87
	Factor  goto 88
	Factor_RefObjeto  goto 89


state 130
	ConversionExplicita : TOD LlamadoExpresion .  (125)

	.  reduce 125


state 131
	Comparador : IGUAL .  (83)

	.  reduce 83


state 132
	Comparador : DIST .  (84)

	.  reduce 84


state 133
	Comparador : MENORIGUAL .  (82)

	.  reduce 82


state 134
	Comparador : MAYORIGUAL .  (81)

	.  reduce 81


state 135
	Expresion : Expresion '-' . Termino  (36)

	ID  shift 82
	ENTERO  shift 17
	ENTEROCORTO  shift 18
	PUNTOFLOTANTE  shift 19
	'-'  shift 20
	.  error

	ReferenciaObjeto  goto 84
	Constante  goto 38
	Termino  goto 176
	Factor  goto 88
	Factor_RefObjeto  goto 89


state 136
	Expresion : Expresion '+' . Termino  (35)

	ID  shift 82
	ENTERO  shift 17
	ENTEROCORTO  shift 18
	PUNTOFLOTANTE  shift 19
	'-'  shift 20
	.  error

	ReferenciaObjeto  goto 84
	Constante  goto 38
	Termino  goto 177
	Factor  goto 88
	Factor_RefObjeto  goto 89


state 137
	Comparador : '<' .  (79)

	.  reduce 79


state 138
	Comparador : '>' .  (80)

	.  reduce 80


state 139
	Condicion : error Expresion Comparador . Expresion ')'  (50)

	ID  shift 82
	TOD  shift 83
	ENTERO  shift 17
	ENTEROCORTO  shift 18
	PUNTOFLOTANTE  shift 19
	'-'  shift 20
	.  error

	ReferenciaObjeto  goto 84
	Constante  goto 38
	Expresion  goto 178
	Termino  goto 86
	ConversionExplicita  goto 87
	Factor  goto 88
	Factor_RefObjeto  goto 89


state 140
	Termino : Termino '*' . Factor  (39)
	Termino : Termino '*' . Factor_RefObjeto  (42)

	ID  shift 82
	ENTERO  shift 17
	ENTEROCORTO  shift 18
	PUNTOFLOTANTE  shift 19
	'-'  shift 20
	.  error

	ReferenciaObjeto  goto 84
	Constante  goto 38
	Factor  goto 179
	Factor_RefObjeto  goto 180


state 141
	Termino : Termino '/' . Factor  (40)
	Termino : Termino '/' . Factor_RefObjeto  (43)

	ID  shift 82
	ENTERO  shift 17
	ENTEROCORTO  shift 18
	PUNTOFLOTANTE  shift 19
	'-'  shift 20
	.  error

	ReferenciaObjeto  goto 84
	Constante  goto 38
	Factor  goto 181
	Factor_RefObjeto  goto 182


state 142
	Condicion : '(' Expresion Comparador . Expresion ')'  (48)
	Condicion : '(' Expresion Comparador . Expresion error  (49)

	ID  shift 82
	TOD  shift 83
	ENTERO  shift 17
	ENTEROCORTO  shift 18
	PUNTOFLOTANTE  shift 19
	'-'  shift 20
	.  error

	ReferenciaObjeto  goto 84
	Constante  goto 38
	Expresion  goto 183
	Termino  goto 86
	ConversionExplicita  goto 87
	Factor  goto 88
	Factor_RefObjeto  goto 89


state 143
	BloqueIF : IF Condicion SentenciaEjecutable error . ELSE CuerpoIF END_IF  (63)
	BloqueIF : IF Condicion SentenciaEjecutable error . END_IF  (65)

	ELSE  shift 184
	END_IF  shift 185
	.  error


state 144
	BloqueIF : IF Condicion SentenciaEjecutable ',' . ELSE CuerpoIF END_IF  (55)
	BloqueIF : IF Condicion SentenciaEjecutable ',' . ELSE SentenciaEjecutable ',' END_IF  (56)
	BloqueIF : IF Condicion SentenciaEjecutable ',' . ELSE CuerpoIF error  (58)
	BloqueIF : IF Condicion SentenciaEjecutable ',' . ELSE SentenciaEjecutable error  (59)
	BloqueIF : IF Condicion SentenciaEjecutable ',' . error CuerpoIF END_IF  (61)
	BloqueIF : IF Condicion SentenciaEjecutable ',' . error SentenciaEjecutable END_IF  (62)

	error  shift 186
	ELSE  shift 187
	.  error


state 145
	BloqueIF : IF Condicion CuerpoIF error .  (54)

	.  reduce 54


state 146
	BloqueIF : IF Condicion CuerpoIF ELSE . CuerpoIF END_IF  (51)
	BloqueIF : IF Condicion CuerpoIF ELSE . CuerpoIF error  (53)
	BloqueIF : IF Condicion CuerpoIF ELSE . SentenciaEjecutable ',' END_IF  (57)
	BloqueIF : IF Condicion CuerpoIF ELSE . SentenciaEjecutable ',' error  (60)
	BloqueIF : IF Condicion CuerpoIF ELSE . SentenciaEjecutable error END_IF  (64)

	error  shift 55
	IF  shift 5
	PRINT  shift 6
	ID  shift 91
	ASIG  shift 15
	RETURN  shift 56
	ENTERO  shift 17
	ENTEROCORTO  shift 18
	PUNTOFLOTANTE  shift 19
	'{'  shift 57
	'-'  shift 20
	'='  shift 21
	.  error

	SentenciaEjecutable  goto 188
	ReferenciaObjeto  goto 27
	ReferenciaObjetoFuncion  goto 28
	LlamadoFuncion  goto 29
	Asignacion  goto 30
	BloqueIF  goto 31
	SalidaMensaje  goto 32
	Constante  goto 38
	Factor  goto 39
	CuerpoIF  goto 189
	OperadorAsignacion  goto 41


state 147
	BloqueIF : IF Condicion CuerpoIF END_IF .  (52)

	.  reduce 52


state 148
	SentenciaListHerencia : Tipo . ListVariables ','  (128)
	SentenciaListHerencia : Tipo . ListVariables error  (132)

	ID  shift 43
	.  error

	ListVariables  goto 190


state 149
	ListFuncion : Funcion .  (85)

	.  reduce 85


state 150
	SentenciaListHerencia : ListFuncion . ','  (130)
	SentenciaListHerencia : ListFuncion . error  (134)

	error  shift 191
	','  shift 192
	.  error


state 151
	ListFuncion : FuncionSinCuerpo .  (86)

	.  reduce 86


state 152
	Funcion : EncabezadoFuncion . Parametro '{' ListSentenciasFuncion '}'  (87)
	FuncionSinCuerpo : EncabezadoFuncion . Parametro  (137)

	error  shift 76
	'('  shift 77
	.  error

	Parametro  goto 193


state 153
	ListHerencia : '{' SentenciaListHerencia . '}'  (127)
	SentenciaListHerencia : SentenciaListHerencia . Tipo ListVariables ','  (129)
	SentenciaListHerencia : SentenciaListHerencia . ListFuncion ','  (131)
	SentenciaListHerencia : SentenciaListHerencia . error Tipo ListVariables  (133)
	SentenciaListHerencia : SentenciaListHerencia . error ListFuncion  (135)

	error  shift 194
	VOID  shift 8
	INT  shift 11
	USHORT  shift 12
	DOUBLE  shift 13
	'}'  shift 195
	.  error

	Tipo  goto 196
	Funcion  goto 149
	ListFuncion  goto 197
	FuncionSinCuerpo  goto 151
	EncabezadoFuncion  goto 152


state 154
	Funcion : VOID error Parametro '{' . ListSentenciasFuncion '}'  (88)

	error  shift 4
	IF  shift 5
	PRINT  shift 6
	CLASS  shift 7
	VOID  shift 8
	IMPL  shift 10
	INT  shift 11
	USHORT  shift 12
	DOUBLE  shift 13
	ID  shift 14
	ASIG  shift 15
	RETURN  shift 170
	ENTERO  shift 17
	ENTEROCORTO  shift 18
	PUNTOFLOTANTE  shift 19
	'-'  shift 20
	'='  shift 21
	.  error

	SentenciaEjecutable  goto 171
	SentenciaDeclarativa  goto 172
	ReferenciaObjeto  goto 27
	ReferenciaObjetoFuncion  goto 28
	LlamadoFuncion  goto 29
	Asignacion  goto 30
	BloqueIF  goto 31
	SalidaMensaje  goto 32
	Tipo  goto 33
	Funcion  goto 34
	HerenciaComposicion  goto 35
	Objeto_clase  goto 36
	FuncionIMPL  goto 37
	Constante  goto 38
	Factor  goto 39
	EncabezadoFuncion  goto 40
	ListSentenciasFuncion  goto 198
	OperadorAsignacion  goto 41


state 155
	ListaSentenciasIF : SentenciaEjecutable error .  (77)

	.  reduce 77


state 156
	ListaSentenciasIF : SentenciaEjecutable ',' .  (76)

	.  reduce 76


state 157
	CuerpoIF : error SentenciasIF '}' .  (71)

	.  reduce 71


state 158
	ListaSentenciasIF : ListaSentenciasIF SentenciaEjecutable . ','  (78)

	','  shift 199
	.  error


state 159
	CuerpoIF : '{' SentenciasIF error .  (72)

	.  reduce 72


state 160
	CuerpoIF : '{' SentenciasIF RETURN . ',' '}'  (69)
	CuerpoIF : '{' SentenciasIF RETURN . error '}'  (70)

	error  shift 200
	','  shift 201
	.  error


state 161
	CuerpoIF : '{' SentenciasIF '}' .  (66)

	.  reduce 66


state 162
	Condicion : error . Expresion Comparador Expresion ')'  (50)
	SentenciaControl : DO CuerpoIF UNTIL error .  (121)

	ID  shift 82
	TOD  shift 83
	ENTERO  shift 17
	ENTEROCORTO  shift 18
	PUNTOFLOTANTE  shift 19
	'-'  shift 20
	','  reduce 121

	ReferenciaObjeto  goto 84
	Constante  goto 38
	Expresion  goto 85
	Termino  goto 86
	ConversionExplicita  goto 87
	Factor  goto 88
	Factor_RefObjeto  goto 89


state 163
	SentenciaControl : DO CuerpoIF UNTIL Condicion .  (120)

	.  reduce 120


state 164
	FuncionIMPL : IMPL FOR ID ':' . '{' Funcion '}'  (138)
	FuncionIMPL : IMPL FOR ID ':' . error Funcion '}'  (139)
	FuncionIMPL : IMPL FOR ID ':' . '{' Funcion error  (140)

	error  shift 202
	'{'  shift 203
	.  error


state 165
	LlamadoExpresion : error Expresion ')' .  (123)

	.  reduce 123


state 166
	LlamadoExpresion : '(' Expresion error .  (124)

	.  reduce 124


state 167
	LlamadoExpresion : '(' Expresion ')' .  (122)

	.  reduce 122


state 168
	Parametro : error Tipo ID . ')'  (92)

	')'  shift 204
	.  error


state 169
	Parametro : '(' Tipo ID . ')'  (90)
	Parametro : '(' Tipo ID . error  (91)

	error  shift 205
	')'  shift 206
	.  error


state 170
	ListSentenciasFuncion : RETURN . ','  (100)
	ListSentenciasFuncion : RETURN . error  (104)

	error  shift 207
	','  shift 208
	.  error


state 171
	ListSentenciasFuncion : SentenciaEjecutable . ','  (98)
	ListSentenciasFuncion : SentenciaEjecutable . error  (102)

	error  shift 209
	','  shift 210
	.  error


state 172
	ListSentenciasFuncion : SentenciaDeclarativa . ','  (99)
	ListSentenciasFuncion : SentenciaDeclarativa . error  (103)

	error  shift 211
	','  shift 212
	.  error


state 173
	Funcion : EncabezadoFuncion Parametro '{' ListSentenciasFuncion . '}'  (87)
	ListSentenciasFuncion : ListSentenciasFuncion . SentenciaDeclarativa ','  (96)
	ListSentenciasFuncion : ListSentenciasFuncion . SentenciaEjecutable ','  (97)
	ListSentenciasFuncion : ListSentenciasFuncion . RETURN ','  (101)

	error  shift 4
	IF  shift 5
	PRINT  shift 6
	CLASS  shift 7
	VOID  shift 8
	IMPL  shift 10
	INT  shift 11
	USHORT  shift 12
	DOUBLE  shift 13
	ID  shift 14
	ASIG  shift 15
	RETURN  shift 213
	ENTERO  shift 17
	ENTEROCORTO  shift 18
	PUNTOFLOTANTE  shift 19
	'}'  shift 214
	'-'  shift 20
	'='  shift 21
	.  error

	SentenciaEjecutable  goto 215
	SentenciaDeclarativa  goto 216
	ReferenciaObjeto  goto 27
	ReferenciaObjetoFuncion  goto 28
	LlamadoFuncion  goto 29
	Asignacion  goto 30
	BloqueIF  goto 31
	SalidaMensaje  goto 32
	Tipo  goto 33
	Funcion  goto 34
	HerenciaComposicion  goto 35
	Objeto_clase  goto 36
	FuncionIMPL  goto 37
	Constante  goto 38
	Factor  goto 39
	EncabezadoFuncion  goto 40
	OperadorAsignacion  goto 41


state 174
	ReferenciaObjeto : ID '.' ID .  (9)

	.  reduce 9


state 175
	ConversionExplicita : TOD '(' ')' .  (126)

	.  reduce 126


state 176
	Expresion : Expresion '-' Termino .  (36)
	Termino : Termino . '*' Factor  (39)
	Termino : Termino . '/' Factor  (40)
	Termino : Termino . '*' Factor_RefObjeto  (42)
	Termino : Termino . '/' Factor_RefObjeto  (43)

	'*'  shift 140
	'/'  shift 141
	error  reduce 36
	END_IF  reduce 36
	IGUAL  reduce 36
	DIST  reduce 36
	MENORIGUAL  reduce 36
	MAYORIGUAL  reduce 36
	','  reduce 36
	'-'  reduce 36
	'+'  reduce 36
	')'  reduce 36
	'<'  reduce 36
	'>'  reduce 36


state 177
	Expresion : Expresion '+' Termino .  (35)
	Termino : Termino . '*' Factor  (39)
	Termino : Termino . '/' Factor  (40)
	Termino : Termino . '*' Factor_RefObjeto  (42)
	Termino : Termino . '/' Factor_RefObjeto  (43)

	'*'  shift 140
	'/'  shift 141
	error  reduce 35
	END_IF  reduce 35
	IGUAL  reduce 35
	DIST  reduce 35
	MENORIGUAL  reduce 35
	MAYORIGUAL  reduce 35
	','  reduce 35
	'-'  reduce 35
	'+'  reduce 35
	')'  reduce 35
	'<'  reduce 35
	'>'  reduce 35


state 178
	Expresion : Expresion . '+' Termino  (35)
	Expresion : Expresion . '-' Termino  (36)
	Condicion : error Expresion Comparador Expresion . ')'  (50)

	'-'  shift 135
	'+'  shift 136
	')'  shift 217
	.  error


state 179
	Termino : Termino '*' Factor .  (39)

	.  reduce 39


state 180
	Termino : Termino '*' Factor_RefObjeto .  (42)

	.  reduce 42


state 181
	Termino : Termino '/' Factor .  (40)

	.  reduce 40


state 182
	Termino : Termino '/' Factor_RefObjeto .  (43)

	.  reduce 43


state 183
	Expresion : Expresion . '+' Termino  (35)
	Expresion : Expresion . '-' Termino  (36)
	Condicion : '(' Expresion Comparador Expresion . ')'  (48)
	Condicion : '(' Expresion Comparador Expresion . error  (49)

	error  shift 218
	'-'  shift 135
	'+'  shift 136
	')'  shift 219
	.  error


state 184
	BloqueIF : IF Condicion SentenciaEjecutable error ELSE . CuerpoIF END_IF  (63)

	error  shift 55
	RETURN  shift 56
	'{'  shift 57
	.  error

	CuerpoIF  goto 220


state 185
	BloqueIF : IF Condicion SentenciaEjecutable error END_IF .  (65)

	.  reduce 65


state 186
	BloqueIF : IF Condicion SentenciaEjecutable ',' error . CuerpoIF END_IF  (61)
	BloqueIF : IF Condicion SentenciaEjecutable ',' error . SentenciaEjecutable END_IF  (62)

	error  shift 55
	IF  shift 5
	PRINT  shift 6
	ID  shift 91
	ASIG  shift 15
	RETURN  shift 56
	ENTERO  shift 17
	ENTEROCORTO  shift 18
	PUNTOFLOTANTE  shift 19
	'{'  shift 57
	'-'  shift 20
	'='  shift 21
	.  error

	SentenciaEjecutable  goto 221
	ReferenciaObjeto  goto 27
	ReferenciaObjetoFuncion  goto 28
	LlamadoFuncion  goto 29
	Asignacion  goto 30
	BloqueIF  goto 31
	SalidaMensaje  goto 32
	Constante  goto 38
	Factor  goto 39
	CuerpoIF  goto 222
	OperadorAsignacion  goto 41


state 187
	BloqueIF : IF Condicion SentenciaEjecutable ',' ELSE . CuerpoIF END_IF  (55)
	BloqueIF : IF Condicion SentenciaEjecutable ',' ELSE . SentenciaEjecutable ',' END_IF  (56)
	BloqueIF : IF Condicion SentenciaEjecutable ',' ELSE . CuerpoIF error  (58)
	BloqueIF : IF Condicion SentenciaEjecutable ',' ELSE . SentenciaEjecutable error  (59)

	error  shift 55
	IF  shift 5
	PRINT  shift 6
	ID  shift 91
	ASIG  shift 15
	RETURN  shift 56
	ENTERO  shift 17
	ENTEROCORTO  shift 18
	PUNTOFLOTANTE  shift 19
	'{'  shift 57
	'-'  shift 20
	'='  shift 21
	.  error

	SentenciaEjecutable  goto 223
	ReferenciaObjeto  goto 27
	ReferenciaObjetoFuncion  goto 28
	LlamadoFuncion  goto 29
	Asignacion  goto 30
	BloqueIF  goto 31
	SalidaMensaje  goto 32
	Constante  goto 38
	Factor  goto 39
	CuerpoIF  goto 224
	OperadorAsignacion  goto 41


state 188
	BloqueIF : IF Condicion CuerpoIF ELSE SentenciaEjecutable . ',' END_IF  (57)
	BloqueIF : IF Condicion CuerpoIF ELSE SentenciaEjecutable . ',' error  (60)
	BloqueIF : IF Condicion CuerpoIF ELSE SentenciaEjecutable . error END_IF  (64)

	error  shift 225
	','  shift 226
	.  error


state 189
	BloqueIF : IF Condicion CuerpoIF ELSE CuerpoIF . END_IF  (51)
	BloqueIF : IF Condicion CuerpoIF ELSE CuerpoIF . error  (53)

	error  shift 227
	END_IF  shift 228
	.  error


state 190
	ListVariables : ListVariables . ';' ID  (24)
	SentenciaListHerencia : Tipo ListVariables . ','  (128)
	SentenciaListHerencia : Tipo ListVariables . error  (132)

	error  shift 229
	','  shift 230
	';'  shift 81
	.  error


state 191
	SentenciaListHerencia : ListFuncion error .  (134)

	.  reduce 134


state 192
	SentenciaListHerencia : ListFuncion ',' .  (130)

	.  reduce 130


state 193
	Funcion : EncabezadoFuncion Parametro . '{' ListSentenciasFuncion '}'  (87)
	FuncionSinCuerpo : EncabezadoFuncion Parametro .  (137)

	'{'  shift 125
	error  reduce 137
	VOID  reduce 137
	INT  reduce 137
	USHORT  reduce 137
	DOUBLE  reduce 137
	'}'  reduce 137
	','  reduce 137


state 194
	SentenciaListHerencia : SentenciaListHerencia error . Tipo ListVariables  (133)
	SentenciaListHerencia : SentenciaListHerencia error . ListFuncion  (135)

	VOID  shift 8
	INT  shift 11
	USHORT  shift 12
	DOUBLE  shift 13
	.  error

	Tipo  goto 231
	Funcion  goto 149
	ListFuncion  goto 232
	FuncionSinCuerpo  goto 151
	EncabezadoFuncion  goto 152


state 195
	ListHerencia : '{' SentenciaListHerencia '}' .  (127)

	.  reduce 127


state 196
	SentenciaListHerencia : SentenciaListHerencia Tipo . ListVariables ','  (129)

	ID  shift 43
	.  error

	ListVariables  goto 233


state 197
	SentenciaListHerencia : SentenciaListHerencia ListFuncion . ','  (131)

	','  shift 234
	.  error


state 198
	Funcion : VOID error Parametro '{' ListSentenciasFuncion . '}'  (88)
	ListSentenciasFuncion : ListSentenciasFuncion . SentenciaDeclarativa ','  (96)
	ListSentenciasFuncion : ListSentenciasFuncion . SentenciaEjecutable ','  (97)
	ListSentenciasFuncion : ListSentenciasFuncion . RETURN ','  (101)

	error  shift 4
	IF  shift 5
	PRINT  shift 6
	CLASS  shift 7
	VOID  shift 8
	IMPL  shift 10
	INT  shift 11
	USHORT  shift 12
	DOUBLE  shift 13
	ID  shift 14
	ASIG  shift 15
	RETURN  shift 213
	ENTERO  shift 17
	ENTEROCORTO  shift 18
	PUNTOFLOTANTE  shift 19
	'}'  shift 235
	'-'  shift 20
	'='  shift 21
	.  error

	SentenciaEjecutable  goto 215
	SentenciaDeclarativa  goto 216
	ReferenciaObjeto  goto 27
	ReferenciaObjetoFuncion  goto 28
	LlamadoFuncion  goto 29
	Asignacion  goto 30
	BloqueIF  goto 31
	SalidaMensaje  goto 32
	Tipo  goto 33
	Funcion  goto 34
	HerenciaComposicion  goto 35
	Objeto_clase  goto 36
	FuncionIMPL  goto 37
	Constante  goto 38
	Factor  goto 39
	EncabezadoFuncion  goto 40
	OperadorAsignacion  goto 41


state 199
	ListaSentenciasIF : ListaSentenciasIF SentenciaEjecutable ',' .  (78)

	.  reduce 78


state 200
	CuerpoIF : '{' SentenciasIF RETURN error . '}'  (70)

	'}'  shift 236
	.  error


state 201
	CuerpoIF : '{' SentenciasIF RETURN ',' . '}'  (69)

	'}'  shift 237
	.  error


state 202
	FuncionIMPL : IMPL FOR ID ':' error . Funcion '}'  (139)

	VOID  shift 8
	.  error

	Funcion  goto 238
	EncabezadoFuncion  goto 40


state 203
	FuncionIMPL : IMPL FOR ID ':' '{' . Funcion '}'  (138)
	FuncionIMPL : IMPL FOR ID ':' '{' . Funcion error  (140)

	VOID  shift 8
	.  error

	Funcion  goto 239
	EncabezadoFuncion  goto 40


state 204
	Parametro : error Tipo ID ')' .  (92)

	.  reduce 92


state 205
	Parametro : '(' Tipo ID error .  (91)

	.  reduce 91


state 206
	Parametro : '(' Tipo ID ')' .  (90)

	.  reduce 90


state 207
	ListSentenciasFuncion : RETURN error .  (104)

	.  reduce 104


state 208
	ListSentenciasFuncion : RETURN ',' .  (100)

	.  reduce 100


state 209
	ListSentenciasFuncion : SentenciaEjecutable error .  (102)

	.  reduce 102


state 210
	ListSentenciasFuncion : SentenciaEjecutable ',' .  (98)

	.  reduce 98


state 211
	ListSentenciasFuncion : SentenciaDeclarativa error .  (103)

	.  reduce 103


state 212
	ListSentenciasFuncion : SentenciaDeclarativa ',' .  (99)

	.  reduce 99


state 213
	ListSentenciasFuncion : ListSentenciasFuncion RETURN . ','  (101)

	','  shift 240
	.  error


state 214
	Funcion : EncabezadoFuncion Parametro '{' ListSentenciasFuncion '}' .  (87)

	.  reduce 87


state 215
	ListSentenciasFuncion : ListSentenciasFuncion SentenciaEjecutable . ','  (97)

	','  shift 241
	.  error


state 216
	ListSentenciasFuncion : ListSentenciasFuncion SentenciaDeclarativa . ','  (96)

	','  shift 242
	.  error


state 217
	Condicion : error Expresion Comparador Expresion ')' .  (50)

	.  reduce 50


state 218
	Condicion : '(' Expresion Comparador Expresion error .  (49)

	.  reduce 49


state 219
	Condicion : '(' Expresion Comparador Expresion ')' .  (48)

	.  reduce 48


state 220
	BloqueIF : IF Condicion SentenciaEjecutable error ELSE CuerpoIF . END_IF  (63)

	END_IF  shift 243
	.  error


state 221
	BloqueIF : IF Condicion SentenciaEjecutable ',' error SentenciaEjecutable . END_IF  (62)

	END_IF  shift 244
	.  error


state 222
	BloqueIF : IF Condicion SentenciaEjecutable ',' error CuerpoIF . END_IF  (61)

	END_IF  shift 245
	.  error


state 223
	BloqueIF : IF Condicion SentenciaEjecutable ',' ELSE SentenciaEjecutable . ',' END_IF  (56)
	BloqueIF : IF Condicion SentenciaEjecutable ',' ELSE SentenciaEjecutable . error  (59)

	error  shift 246
	','  shift 247
	.  error


state 224
	BloqueIF : IF Condicion SentenciaEjecutable ',' ELSE CuerpoIF . END_IF  (55)
	BloqueIF : IF Condicion SentenciaEjecutable ',' ELSE CuerpoIF . error  (58)

	error  shift 248
	END_IF  shift 249
	.  error


state 225
	BloqueIF : IF Condicion CuerpoIF ELSE SentenciaEjecutable error . END_IF  (64)

	END_IF  shift 250
	.  error


state 226
	BloqueIF : IF Condicion CuerpoIF ELSE SentenciaEjecutable ',' . END_IF  (57)
	BloqueIF : IF Condicion CuerpoIF ELSE SentenciaEjecutable ',' . error  (60)

	error  shift 251
	END_IF  shift 252
	.  error


state 227
	BloqueIF : IF Condicion CuerpoIF ELSE CuerpoIF error .  (53)

	.  reduce 53


state 228
	BloqueIF : IF Condicion CuerpoIF ELSE CuerpoIF END_IF .  (51)

	.  reduce 51


state 229
	SentenciaListHerencia : Tipo ListVariables error .  (132)

	.  reduce 132


state 230
	SentenciaListHerencia : Tipo ListVariables ',' .  (128)

	.  reduce 128


state 231
	SentenciaListHerencia : SentenciaListHerencia error Tipo . ListVariables  (133)

	ID  shift 43
	.  error

	ListVariables  goto 253


state 232
	SentenciaListHerencia : SentenciaListHerencia error ListFuncion .  (135)

	.  reduce 135


state 233
	ListVariables : ListVariables . ';' ID  (24)
	SentenciaListHerencia : SentenciaListHerencia Tipo ListVariables . ','  (129)

	','  shift 254
	';'  shift 81
	.  error


state 234
	SentenciaListHerencia : SentenciaListHerencia ListFuncion ',' .  (131)

	.  reduce 131


state 235
	Funcion : VOID error Parametro '{' ListSentenciasFuncion '}' .  (88)

	.  reduce 88


state 236
	CuerpoIF : '{' SentenciasIF RETURN error '}' .  (70)

	.  reduce 70


state 237
	CuerpoIF : '{' SentenciasIF RETURN ',' '}' .  (69)

	.  reduce 69


state 238
	FuncionIMPL : IMPL FOR ID ':' error Funcion . '}'  (139)

	'}'  shift 255
	.  error


state 239
	FuncionIMPL : IMPL FOR ID ':' '{' Funcion . '}'  (138)
	FuncionIMPL : IMPL FOR ID ':' '{' Funcion . error  (140)

	error  shift 256
	'}'  shift 257
	.  error


state 240
	ListSentenciasFuncion : ListSentenciasFuncion RETURN ',' .  (101)

	.  reduce 101


state 241
	ListSentenciasFuncion : ListSentenciasFuncion SentenciaEjecutable ',' .  (97)

	.  reduce 97


state 242
	ListSentenciasFuncion : ListSentenciasFuncion SentenciaDeclarativa ',' .  (96)

	.  reduce 96


state 243
	BloqueIF : IF Condicion SentenciaEjecutable error ELSE CuerpoIF END_IF .  (63)

	.  reduce 63


state 244
	BloqueIF : IF Condicion SentenciaEjecutable ',' error SentenciaEjecutable END_IF .  (62)

	.  reduce 62


state 245
	BloqueIF : IF Condicion SentenciaEjecutable ',' error CuerpoIF END_IF .  (61)

	.  reduce 61


state 246
	BloqueIF : IF Condicion SentenciaEjecutable ',' ELSE SentenciaEjecutable error .  (59)

	.  reduce 59


state 247
	BloqueIF : IF Condicion SentenciaEjecutable ',' ELSE SentenciaEjecutable ',' . END_IF  (56)

	END_IF  shift 258
	.  error


state 248
	BloqueIF : IF Condicion SentenciaEjecutable ',' ELSE CuerpoIF error .  (58)

	.  reduce 58


state 249
	BloqueIF : IF Condicion SentenciaEjecutable ',' ELSE CuerpoIF END_IF .  (55)

	.  reduce 55


state 250
	BloqueIF : IF Condicion CuerpoIF ELSE SentenciaEjecutable error END_IF .  (64)

	.  reduce 64


state 251
	BloqueIF : IF Condicion CuerpoIF ELSE SentenciaEjecutable ',' error .  (60)

	.  reduce 60


state 252
	BloqueIF : IF Condicion CuerpoIF ELSE SentenciaEjecutable ',' END_IF .  (57)

	.  reduce 57


state 253
	ListVariables : ListVariables . ';' ID  (24)
	SentenciaListHerencia : SentenciaListHerencia error Tipo ListVariables .  (133)

	';'  shift 81
	error  reduce 133
	VOID  reduce 133
	INT  reduce 133
	USHORT  reduce 133
	DOUBLE  reduce 133
	'}'  reduce 133


state 254
	SentenciaListHerencia : SentenciaListHerencia Tipo ListVariables ',' .  (129)

	.  reduce 129


state 255
	FuncionIMPL : IMPL FOR ID ':' error Funcion '}' .  (139)

	.  reduce 139


state 256
	FuncionIMPL : IMPL FOR ID ':' '{' Funcion error .  (140)

	.  reduce 140


state 257
	FuncionIMPL : IMPL FOR ID ':' '{' Funcion '}' .  (138)

	.  reduce 138


state 258
	BloqueIF : IF Condicion SentenciaEjecutable ',' ELSE SentenciaEjecutable ',' END_IF .  (56)

	.  reduce 56


43 terminals, 39 nonterminals
141 grammar rules, 259 states
